<?xml version="1.0" encoding="utf-8"?>
<outputLog>
  <ApplicationId>1cecc65d-e804-4de6-a27f-e8e4ad0190d7</ApplicationId>
  <FileLogs>
    <FileLog>
      <CorrelationId>Intent.VisualStudio.Projects.VisualStudio2015Solution#ad91f155-bad0-4aaf-97d6-d72d8d08f389</CorrelationId>
      <OverwriteBehaviour>always</OverwriteBehaviour>
      <ApplicationRelativeFilePath>../Intent.Modules.Web.sln</ApplicationRelativeFilePath>
      <IsIgnored>false</IsIgnored>
    </FileLog>
    <FileLog>
      <ProjectId>c9057d93-2617-44ca-9bd6-8ee166b881d1</ProjectId>
      <CorrelationId>Intent.ModuleBuilder.Templates.Api.ApiElementModelExtensions#d009e5af-adb7-45c5-921c-fe8e209b8aa2</CorrelationId>
      <OverwriteBehaviour>always</OverwriteBehaviour>
      <ApplicationRelativeFilePath>Api/Extensions/AngularServiceModelStereotypeExtensions.cs</ApplicationRelativeFilePath>
      <ProjectRelativeFilePath>AngularServiceModelStereotypeExtensions.cs</ProjectRelativeFilePath>
      <IsIgnored>false</IsIgnored>
    </FileLog>
    <FileLog>
      <ProjectId>c9057d93-2617-44ca-9bd6-8ee166b881d1</ProjectId>
      <CorrelationId>Intent.ModuleBuilder.Templates.Api.ApiElementModelExtensions#b1c481e1-e91e-4c29-9817-00ab9cad4b6b</CorrelationId>
      <OverwriteBehaviour>always</OverwriteBehaviour>
      <ApplicationRelativeFilePath>Api/Extensions/ComponentModelStereotypeExtensions.cs</ApplicationRelativeFilePath>
      <ProjectRelativeFilePath>ComponentModelStereotypeExtensions.cs</ProjectRelativeFilePath>
      <IsIgnored>false</IsIgnored>
    </FileLog>
    <FileLog>
      <ProjectId>b79f286d-1129-41f9-bb0f-d266b180d3c2</ProjectId>
      <CorrelationId>Intent.ModuleBuilder.IModSpecFile</CorrelationId>
      <OverwriteBehaviour>always</OverwriteBehaviour>
      <ApplicationRelativeFilePath>Intent.Angular.imodspec</ApplicationRelativeFilePath>
      <ProjectRelativeFilePath>Intent.Angular.imodspec</ProjectRelativeFilePath>
      <IsIgnored>false</IsIgnored>
    </FileLog>
    <FileLog>
      <ProjectId>b79f286d-1129-41f9-bb0f-d266b180d3c2</ProjectId>
      <CorrelationId>Intent.VisualStudio.Projects.CoreLibrary.CSProject#b79f286d-1129-41f9-bb0f-d266b180d3c2</CorrelationId>
      <OverwriteBehaviour>always</OverwriteBehaviour>
      <ApplicationRelativeFilePath>Intent.Modules.Angular.csproj</ApplicationRelativeFilePath>
      <ProjectRelativeFilePath>Intent.Modules.Angular.csproj</ProjectRelativeFilePath>
      <IsIgnored>false</IsIgnored>
    </FileLog>
    <FileLog>
      <ProjectId>b79f286d-1129-41f9-bb0f-d266b180d3c2</ProjectId>
      <CorrelationId>Intent.ModuleBuilder.ReadMe</CorrelationId>
      <OverwriteBehaviour>always</OverwriteBehaviour>
      <ApplicationRelativeFilePath>README.txt</ApplicationRelativeFilePath>
      <ProjectRelativeFilePath>README.txt</ProjectRelativeFilePath>
      <IsIgnored>false</IsIgnored>
    </FileLog>
    <FileLog>
      <ProjectId>abc98339-4259-4d28-82ae-502ba6cdc8b2</ProjectId>
      <CorrelationId>Intent.ModuleBuilder.ProjectItemTemplate.T4Template.PreProcessed#3d1fe1c1-b396-4c8b-bc0f-f7ab2537ae7e</CorrelationId>
      <OverwriteBehaviour>always</OverwriteBehaviour>
      <ApplicationRelativeFilePath>Templates/Component/AngularComponentCss/AngularComponentCssTemplate.cs</ApplicationRelativeFilePath>
      <ProjectRelativeFilePath>Component/AngularComponentCss/AngularComponentCssTemplate.cs</ProjectRelativeFilePath>
      <IsIgnored>false</IsIgnored>
    </FileLog>
    <FileLog>
      <ProjectId>abc98339-4259-4d28-82ae-502ba6cdc8b2</ProjectId>
      <CorrelationId>Intent.ModuleBuilder.Templates.FileTemplateT4#3d1fe1c1-b396-4c8b-bc0f-f7ab2537ae7e</CorrelationId>
      <OverwriteBehaviour>always</OverwriteBehaviour>
      <ApplicationRelativeFilePath>Templates/Component/AngularComponentCss/AngularComponentCssTemplate.tt</ApplicationRelativeFilePath>
      <ProjectRelativeFilePath>Component/AngularComponentCss/AngularComponentCssTemplate.tt</ProjectRelativeFilePath>
      <IsIgnored>false</IsIgnored>
    </FileLog>
    <FileLog>
      <ProjectId>abc98339-4259-4d28-82ae-502ba6cdc8b2</ProjectId>
      <CorrelationId>Intent.ModuleBuilder.ProjectItemTemplate.Partial#3d1fe1c1-b396-4c8b-bc0f-f7ab2537ae7e</CorrelationId>
      <OverwriteBehaviour>always</OverwriteBehaviour>
      <ApplicationRelativeFilePath>Templates/Component/AngularComponentCss/AngularComponentCssTemplatePartial.cs</ApplicationRelativeFilePath>
      <ProjectRelativeFilePath>Component/AngularComponentCss/AngularComponentCssTemplatePartial.cs</ProjectRelativeFilePath>
      <IsIgnored>false</IsIgnored>
    </FileLog>
    <FileLog>
      <ProjectId>abc98339-4259-4d28-82ae-502ba6cdc8b2</ProjectId>
      <CorrelationId>Intent.ModuleBuilder.TemplateRegistration.FilePerModel#3d1fe1c1-b396-4c8b-bc0f-f7ab2537ae7e</CorrelationId>
      <OverwriteBehaviour>always</OverwriteBehaviour>
      <ApplicationRelativeFilePath>Templates/Component/AngularComponentCss/AngularComponentCssTemplateRegistration.cs</ApplicationRelativeFilePath>
      <ProjectRelativeFilePath>Component/AngularComponentCss/AngularComponentCssTemplateRegistration.cs</ProjectRelativeFilePath>
      <IsIgnored>false</IsIgnored>
    </FileLog>
    <FileLog>
      <ProjectId>abc98339-4259-4d28-82ae-502ba6cdc8b2</ProjectId>
      <CorrelationId>ModuleBuilder.Html.Templates.HtmlFileTemplate.T4Template.PreProcessed#25779bc1-5d6b-4fe5-89fb-97d75e8df259</CorrelationId>
      <OverwriteBehaviour>always</OverwriteBehaviour>
      <ApplicationRelativeFilePath>Templates/Component/AngularComponentHtml/AngularComponentHtmlTemplate.cs</ApplicationRelativeFilePath>
      <ProjectRelativeFilePath>Component/AngularComponentHtml/AngularComponentHtmlTemplate.cs</ProjectRelativeFilePath>
      <IsIgnored>false</IsIgnored>
    </FileLog>
    <FileLog>
      <ProjectId>abc98339-4259-4d28-82ae-502ba6cdc8b2</ProjectId>
      <CorrelationId>Intent.ModuleBuilder.Html.Templates.HtmlFileTemplate#25779bc1-5d6b-4fe5-89fb-97d75e8df259</CorrelationId>
      <OverwriteBehaviour>always</OverwriteBehaviour>
      <ApplicationRelativeFilePath>Templates/Component/AngularComponentHtml/AngularComponentHtmlTemplate.tt</ApplicationRelativeFilePath>
      <ProjectRelativeFilePath>Component/AngularComponentHtml/AngularComponentHtmlTemplate.tt</ProjectRelativeFilePath>
      <IsIgnored>false</IsIgnored>
    </FileLog>
    <FileLog>
      <ProjectId>abc98339-4259-4d28-82ae-502ba6cdc8b2</ProjectId>
      <CorrelationId>Intent.ModuleBuilder.Html.Templates.HtmlFileTemplatePartial#25779bc1-5d6b-4fe5-89fb-97d75e8df259</CorrelationId>
      <OverwriteBehaviour>always</OverwriteBehaviour>
      <ApplicationRelativeFilePath>Templates/Component/AngularComponentHtml/AngularComponentHtmlTemplatePartial.cs</ApplicationRelativeFilePath>
      <ProjectRelativeFilePath>Component/AngularComponentHtml/AngularComponentHtmlTemplatePartial.cs</ProjectRelativeFilePath>
      <IsIgnored>false</IsIgnored>
    </FileLog>
    <FileLog>
      <ProjectId>abc98339-4259-4d28-82ae-502ba6cdc8b2</ProjectId>
      <CorrelationId>Intent.ModuleBuilder.TemplateRegistration.FilePerModel#25779bc1-5d6b-4fe5-89fb-97d75e8df259</CorrelationId>
      <OverwriteBehaviour>always</OverwriteBehaviour>
      <ApplicationRelativeFilePath>Templates/Component/AngularComponentHtml/AngularComponentHtmlTemplateRegistration.cs</ApplicationRelativeFilePath>
      <ProjectRelativeFilePath>Component/AngularComponentHtml/AngularComponentHtmlTemplateRegistration.cs</ProjectRelativeFilePath>
      <IsIgnored>false</IsIgnored>
    </FileLog>
    <FileLog>
      <ProjectId>abc98339-4259-4d28-82ae-502ba6cdc8b2</ProjectId>
      <CorrelationId>Intent.ModuleBuilder.Templates.TemplateDecoratorContract#b1c75969-a89e-41c6-a4b1-3283dc6b84ff</CorrelationId>
      <OverwriteBehaviour>always</OverwriteBehaviour>
      <ApplicationRelativeFilePath>Templates/Component/AngularComponentTs/AngularComponentTsDecorator.cs</ApplicationRelativeFilePath>
      <ProjectRelativeFilePath>Component/AngularComponentTs/AngularComponentTsDecorator.cs</ProjectRelativeFilePath>
      <IsIgnored>false</IsIgnored>
    </FileLog>
    <FileLog>
      <ProjectId>abc98339-4259-4d28-82ae-502ba6cdc8b2</ProjectId>
      <CorrelationId>ModuleBuilder.Typescript.Templates.TypescriptTemplate.PreProcessT4#aa06d3ae-2965-4101-8f8b-8db7da8a0146</CorrelationId>
      <OverwriteBehaviour>always</OverwriteBehaviour>
      <ApplicationRelativeFilePath>Templates/Component/AngularComponentTs/AngularComponentTsTemplate.cs</ApplicationRelativeFilePath>
      <ProjectRelativeFilePath>Component/AngularComponentTs/AngularComponentTsTemplate.cs</ProjectRelativeFilePath>
      <IsIgnored>false</IsIgnored>
    </FileLog>
    <FileLog>
      <ProjectId>abc98339-4259-4d28-82ae-502ba6cdc8b2</ProjectId>
      <CorrelationId>Intent.ModuleBuilder.TypeScript.Templates.TypescriptTemplateT4#aa06d3ae-2965-4101-8f8b-8db7da8a0146</CorrelationId>
      <OverwriteBehaviour>always</OverwriteBehaviour>
      <ApplicationRelativeFilePath>Templates/Component/AngularComponentTs/AngularComponentTsTemplate.tt</ApplicationRelativeFilePath>
      <ProjectRelativeFilePath>Component/AngularComponentTs/AngularComponentTsTemplate.tt</ProjectRelativeFilePath>
      <IsIgnored>false</IsIgnored>
    </FileLog>
    <FileLog>
      <ProjectId>abc98339-4259-4d28-82ae-502ba6cdc8b2</ProjectId>
      <CorrelationId>Intent.ModuleBuilder.TypeScript.Templates.TypescriptTemplatePartial#aa06d3ae-2965-4101-8f8b-8db7da8a0146</CorrelationId>
      <OverwriteBehaviour>always</OverwriteBehaviour>
      <ApplicationRelativeFilePath>Templates/Component/AngularComponentTs/AngularComponentTsTemplatePartial.cs</ApplicationRelativeFilePath>
      <ProjectRelativeFilePath>Component/AngularComponentTs/AngularComponentTsTemplatePartial.cs</ProjectRelativeFilePath>
      <IsIgnored>false</IsIgnored>
    </FileLog>
    <FileLog>
      <ProjectId>abc98339-4259-4d28-82ae-502ba6cdc8b2</ProjectId>
      <CorrelationId>Intent.ModuleBuilder.TemplateRegistration.FilePerModel#aa06d3ae-2965-4101-8f8b-8db7da8a0146</CorrelationId>
      <OverwriteBehaviour>always</OverwriteBehaviour>
      <ApplicationRelativeFilePath>Templates/Component/AngularComponentTs/AngularComponentTsTemplateRegistration.cs</ApplicationRelativeFilePath>
      <ProjectRelativeFilePath>Component/AngularComponentTs/AngularComponentTsTemplateRegistration.cs</ProjectRelativeFilePath>
      <IsIgnored>false</IsIgnored>
    </FileLog>
    <FileLog>
      <ProjectId>abc98339-4259-4d28-82ae-502ba6cdc8b2</ProjectId>
      <CorrelationId>ModuleBuilder.Typescript.Templates.TypescriptTemplate.PreProcessT4#ce096dec-3721-4a3d-9d36-038c7448e74c</CorrelationId>
      <OverwriteBehaviour>always</OverwriteBehaviour>
      <ApplicationRelativeFilePath>Templates/Core/ApiService/ApiServiceTemplate.cs</ApplicationRelativeFilePath>
      <ProjectRelativeFilePath>Core/ApiService/ApiServiceTemplate.cs</ProjectRelativeFilePath>
      <IsIgnored>false</IsIgnored>
    </FileLog>
    <FileLog>
      <ProjectId>abc98339-4259-4d28-82ae-502ba6cdc8b2</ProjectId>
      <CorrelationId>Intent.ModuleBuilder.TypeScript.Templates.TypescriptTemplateT4#ce096dec-3721-4a3d-9d36-038c7448e74c</CorrelationId>
      <OverwriteBehaviour>always</OverwriteBehaviour>
      <ApplicationRelativeFilePath>Templates/Core/ApiService/ApiServiceTemplate.tt</ApplicationRelativeFilePath>
      <ProjectRelativeFilePath>Core/ApiService/ApiServiceTemplate.tt</ProjectRelativeFilePath>
      <IsIgnored>false</IsIgnored>
    </FileLog>
    <FileLog>
      <ProjectId>abc98339-4259-4d28-82ae-502ba6cdc8b2</ProjectId>
      <CorrelationId>Intent.ModuleBuilder.TypeScript.Templates.TypescriptTemplatePartial#ce096dec-3721-4a3d-9d36-038c7448e74c</CorrelationId>
      <OverwriteBehaviour>always</OverwriteBehaviour>
      <ApplicationRelativeFilePath>Templates/Core/ApiService/ApiServiceTemplatePartial.cs</ApplicationRelativeFilePath>
      <ProjectRelativeFilePath>Core/ApiService/ApiServiceTemplatePartial.cs</ProjectRelativeFilePath>
      <IsIgnored>false</IsIgnored>
    </FileLog>
    <FileLog>
      <ProjectId>abc98339-4259-4d28-82ae-502ba6cdc8b2</ProjectId>
      <CorrelationId>Intent.ModuleBuilder.TemplateRegistration.SingleFileNoModel#ce096dec-3721-4a3d-9d36-038c7448e74c</CorrelationId>
      <OverwriteBehaviour>always</OverwriteBehaviour>
      <ApplicationRelativeFilePath>Templates/Core/ApiService/ApiServiceTemplateRegistration.cs</ApplicationRelativeFilePath>
      <ProjectRelativeFilePath>Core/ApiService/ApiServiceTemplateRegistration.cs</ProjectRelativeFilePath>
      <IsIgnored>false</IsIgnored>
    </FileLog>
    <FileLog>
      <ProjectId>abc98339-4259-4d28-82ae-502ba6cdc8b2</ProjectId>
      <CorrelationId>ModuleBuilder.Typescript.Templates.TypescriptTemplate.PreProcessT4#ba59d6a8-a629-4feb-9e5b-c3498b89e9ec</CorrelationId>
      <OverwriteBehaviour>always</OverwriteBehaviour>
      <ApplicationRelativeFilePath>Templates/Core/CoreModule/CoreModuleTemplate.cs</ApplicationRelativeFilePath>
      <ProjectRelativeFilePath>Core/CoreModule/CoreModuleTemplate.cs</ProjectRelativeFilePath>
      <IsIgnored>false</IsIgnored>
    </FileLog>
    <FileLog>
      <ProjectId>abc98339-4259-4d28-82ae-502ba6cdc8b2</ProjectId>
      <CorrelationId>Intent.ModuleBuilder.TypeScript.Templates.TypescriptTemplateT4#ba59d6a8-a629-4feb-9e5b-c3498b89e9ec</CorrelationId>
      <OverwriteBehaviour>always</OverwriteBehaviour>
      <ApplicationRelativeFilePath>Templates/Core/CoreModule/CoreModuleTemplate.tt</ApplicationRelativeFilePath>
      <ProjectRelativeFilePath>Core/CoreModule/CoreModuleTemplate.tt</ProjectRelativeFilePath>
      <IsIgnored>false</IsIgnored>
    </FileLog>
    <FileLog>
      <ProjectId>abc98339-4259-4d28-82ae-502ba6cdc8b2</ProjectId>
      <CorrelationId>Intent.ModuleBuilder.TypeScript.Templates.TypescriptTemplatePartial#ba59d6a8-a629-4feb-9e5b-c3498b89e9ec</CorrelationId>
      <OverwriteBehaviour>always</OverwriteBehaviour>
      <ApplicationRelativeFilePath>Templates/Core/CoreModule/CoreModuleTemplatePartial.cs</ApplicationRelativeFilePath>
      <ProjectRelativeFilePath>Core/CoreModule/CoreModuleTemplatePartial.cs</ProjectRelativeFilePath>
      <IsIgnored>false</IsIgnored>
    </FileLog>
    <FileLog>
      <ProjectId>abc98339-4259-4d28-82ae-502ba6cdc8b2</ProjectId>
      <CorrelationId>Intent.ModuleBuilder.TemplateRegistration.SingleFileNoModel#ba59d6a8-a629-4feb-9e5b-c3498b89e9ec</CorrelationId>
      <OverwriteBehaviour>always</OverwriteBehaviour>
      <ApplicationRelativeFilePath>Templates/Core/CoreModule/CoreModuleTemplateRegistration.cs</ApplicationRelativeFilePath>
      <ProjectRelativeFilePath>Core/CoreModule/CoreModuleTemplateRegistration.cs</ProjectRelativeFilePath>
      <IsIgnored>false</IsIgnored>
    </FileLog>
    <FileLog>
      <ProjectId>abc98339-4259-4d28-82ae-502ba6cdc8b2</ProjectId>
      <CorrelationId>ModuleBuilder.Typescript.Templates.TypescriptTemplate.PreProcessT4#e7ea472f-5ef5-453b-8df6-4fb3569b9e07</CorrelationId>
      <OverwriteBehaviour>always</OverwriteBehaviour>
      <ApplicationRelativeFilePath>Templates/Environment/Environment/EnvironmentTemplate.cs</ApplicationRelativeFilePath>
      <ProjectRelativeFilePath>Environment/Environment/EnvironmentTemplate.cs</ProjectRelativeFilePath>
      <IsIgnored>false</IsIgnored>
    </FileLog>
    <FileLog>
      <ProjectId>abc98339-4259-4d28-82ae-502ba6cdc8b2</ProjectId>
      <CorrelationId>Intent.ModuleBuilder.TypeScript.Templates.TypescriptTemplateT4#e7ea472f-5ef5-453b-8df6-4fb3569b9e07</CorrelationId>
      <OverwriteBehaviour>always</OverwriteBehaviour>
      <ApplicationRelativeFilePath>Templates/Environment/Environment/EnvironmentTemplate.tt</ApplicationRelativeFilePath>
      <ProjectRelativeFilePath>Environment/Environment/EnvironmentTemplate.tt</ProjectRelativeFilePath>
      <IsIgnored>false</IsIgnored>
    </FileLog>
    <FileLog>
      <ProjectId>abc98339-4259-4d28-82ae-502ba6cdc8b2</ProjectId>
      <CorrelationId>Intent.ModuleBuilder.TypeScript.Templates.TypescriptTemplatePartial#e7ea472f-5ef5-453b-8df6-4fb3569b9e07</CorrelationId>
      <OverwriteBehaviour>always</OverwriteBehaviour>
      <ApplicationRelativeFilePath>Templates/Environment/Environment/EnvironmentTemplatePartial.cs</ApplicationRelativeFilePath>
      <ProjectRelativeFilePath>Environment/Environment/EnvironmentTemplatePartial.cs</ProjectRelativeFilePath>
      <IsIgnored>false</IsIgnored>
    </FileLog>
    <FileLog>
      <ProjectId>abc98339-4259-4d28-82ae-502ba6cdc8b2</ProjectId>
      <CorrelationId>Intent.ModuleBuilder.TemplateRegistration.SingleFileNoModel#e7ea472f-5ef5-453b-8df6-4fb3569b9e07</CorrelationId>
      <OverwriteBehaviour>always</OverwriteBehaviour>
      <ApplicationRelativeFilePath>Templates/Environment/Environment/EnvironmentTemplateRegistration.cs</ApplicationRelativeFilePath>
      <ProjectRelativeFilePath>Environment/Environment/EnvironmentTemplateRegistration.cs</ProjectRelativeFilePath>
      <IsIgnored>false</IsIgnored>
    </FileLog>
    <FileLog>
      <ProjectId>abc98339-4259-4d28-82ae-502ba6cdc8b2</ProjectId>
      <CorrelationId>ModuleBuilder.Typescript.Templates.TypescriptTemplate.PreProcessT4#ab83c9fd-68ca-498b-82d2-89ac149b3e28</CorrelationId>
      <OverwriteBehaviour>always</OverwriteBehaviour>
      <ApplicationRelativeFilePath>Templates/Environment/EnvironmentDotDevelopment/EnvironmentDotDevelopmentTemplate.cs</ApplicationRelativeFilePath>
      <ProjectRelativeFilePath>Environment/EnvironmentDotDevelopment/EnvironmentDotDevelopmentTemplate.cs</ProjectRelativeFilePath>
      <IsIgnored>false</IsIgnored>
    </FileLog>
    <FileLog>
      <ProjectId>abc98339-4259-4d28-82ae-502ba6cdc8b2</ProjectId>
      <CorrelationId>Intent.ModuleBuilder.TypeScript.Templates.TypescriptTemplateT4#ab83c9fd-68ca-498b-82d2-89ac149b3e28</CorrelationId>
      <OverwriteBehaviour>always</OverwriteBehaviour>
      <ApplicationRelativeFilePath>Templates/Environment/EnvironmentDotDevelopment/EnvironmentDotDevelopmentTemplate.tt</ApplicationRelativeFilePath>
      <ProjectRelativeFilePath>Environment/EnvironmentDotDevelopment/EnvironmentDotDevelopmentTemplate.tt</ProjectRelativeFilePath>
      <IsIgnored>false</IsIgnored>
    </FileLog>
    <FileLog>
      <ProjectId>abc98339-4259-4d28-82ae-502ba6cdc8b2</ProjectId>
      <CorrelationId>Intent.ModuleBuilder.TypeScript.Templates.TypescriptTemplatePartial#ab83c9fd-68ca-498b-82d2-89ac149b3e28</CorrelationId>
      <OverwriteBehaviour>always</OverwriteBehaviour>
      <ApplicationRelativeFilePath>Templates/Environment/EnvironmentDotDevelopment/EnvironmentDotDevelopmentTemplatePartial.cs</ApplicationRelativeFilePath>
      <ProjectRelativeFilePath>Environment/EnvironmentDotDevelopment/EnvironmentDotDevelopmentTemplatePartial.cs</ProjectRelativeFilePath>
      <IsIgnored>false</IsIgnored>
    </FileLog>
    <FileLog>
      <ProjectId>abc98339-4259-4d28-82ae-502ba6cdc8b2</ProjectId>
      <CorrelationId>Intent.ModuleBuilder.TemplateRegistration.SingleFileNoModel#ab83c9fd-68ca-498b-82d2-89ac149b3e28</CorrelationId>
      <OverwriteBehaviour>always</OverwriteBehaviour>
      <ApplicationRelativeFilePath>Templates/Environment/EnvironmentDotDevelopment/EnvironmentDotDevelopmentTemplateRegistration.cs</ApplicationRelativeFilePath>
      <ProjectRelativeFilePath>Environment/EnvironmentDotDevelopment/EnvironmentDotDevelopmentTemplateRegistration.cs</ProjectRelativeFilePath>
      <IsIgnored>false</IsIgnored>
    </FileLog>
    <FileLog>
      <ProjectId>abc98339-4259-4d28-82ae-502ba6cdc8b2</ProjectId>
      <CorrelationId>ModuleBuilder.Typescript.Templates.TypescriptTemplate.PreProcessT4#fc84fb37-d9ec-4459-a3e1-e165eec1ca0e</CorrelationId>
      <OverwriteBehaviour>always</OverwriteBehaviour>
      <ApplicationRelativeFilePath>Templates/Model/FormGroup/FormGroupTemplate.cs</ApplicationRelativeFilePath>
      <ProjectRelativeFilePath>Model/FormGroup/FormGroupTemplate.cs</ProjectRelativeFilePath>
      <IsIgnored>false</IsIgnored>
    </FileLog>
    <FileLog>
      <ProjectId>abc98339-4259-4d28-82ae-502ba6cdc8b2</ProjectId>
      <CorrelationId>Intent.ModuleBuilder.TypeScript.Templates.TypescriptTemplateT4#fc84fb37-d9ec-4459-a3e1-e165eec1ca0e</CorrelationId>
      <OverwriteBehaviour>always</OverwriteBehaviour>
      <ApplicationRelativeFilePath>Templates/Model/FormGroup/FormGroupTemplate.tt</ApplicationRelativeFilePath>
      <ProjectRelativeFilePath>Model/FormGroup/FormGroupTemplate.tt</ProjectRelativeFilePath>
      <IsIgnored>false</IsIgnored>
    </FileLog>
    <FileLog>
      <ProjectId>abc98339-4259-4d28-82ae-502ba6cdc8b2</ProjectId>
      <CorrelationId>Intent.ModuleBuilder.TypeScript.Templates.TypescriptTemplatePartial#fc84fb37-d9ec-4459-a3e1-e165eec1ca0e</CorrelationId>
      <OverwriteBehaviour>always</OverwriteBehaviour>
      <ApplicationRelativeFilePath>Templates/Model/FormGroup/FormGroupTemplatePartial.cs</ApplicationRelativeFilePath>
      <ProjectRelativeFilePath>Model/FormGroup/FormGroupTemplatePartial.cs</ProjectRelativeFilePath>
      <IsIgnored>false</IsIgnored>
    </FileLog>
    <FileLog>
      <ProjectId>abc98339-4259-4d28-82ae-502ba6cdc8b2</ProjectId>
      <CorrelationId>Intent.ModuleBuilder.TemplateRegistration.FilePerModel#fc84fb37-d9ec-4459-a3e1-e165eec1ca0e</CorrelationId>
      <OverwriteBehaviour>always</OverwriteBehaviour>
      <ApplicationRelativeFilePath>Templates/Model/FormGroup/FormGroupTemplateRegistration.cs</ApplicationRelativeFilePath>
      <ProjectRelativeFilePath>Model/FormGroup/FormGroupTemplateRegistration.cs</ProjectRelativeFilePath>
      <IsIgnored>false</IsIgnored>
    </FileLog>
    <FileLog>
      <ProjectId>abc98339-4259-4d28-82ae-502ba6cdc8b2</ProjectId>
      <CorrelationId>ModuleBuilder.Typescript.Templates.TypescriptTemplate.PreProcessT4#9273966e-d177-45c3-8807-1e3bcbbf2cd8</CorrelationId>
      <OverwriteBehaviour>always</OverwriteBehaviour>
      <ApplicationRelativeFilePath>Templates/Model/Model/ModelTemplate.cs</ApplicationRelativeFilePath>
      <ProjectRelativeFilePath>Model/Model/ModelTemplate.cs</ProjectRelativeFilePath>
      <IsIgnored>false</IsIgnored>
    </FileLog>
    <FileLog>
      <ProjectId>abc98339-4259-4d28-82ae-502ba6cdc8b2</ProjectId>
      <CorrelationId>Intent.ModuleBuilder.TypeScript.Templates.TypescriptTemplateT4#9273966e-d177-45c3-8807-1e3bcbbf2cd8</CorrelationId>
      <OverwriteBehaviour>always</OverwriteBehaviour>
      <ApplicationRelativeFilePath>Templates/Model/Model/ModelTemplate.tt</ApplicationRelativeFilePath>
      <ProjectRelativeFilePath>Model/Model/ModelTemplate.tt</ProjectRelativeFilePath>
      <IsIgnored>false</IsIgnored>
    </FileLog>
    <FileLog>
      <ProjectId>abc98339-4259-4d28-82ae-502ba6cdc8b2</ProjectId>
      <CorrelationId>Intent.ModuleBuilder.TypeScript.Templates.TypescriptTemplatePartial#9273966e-d177-45c3-8807-1e3bcbbf2cd8</CorrelationId>
      <OverwriteBehaviour>always</OverwriteBehaviour>
      <ApplicationRelativeFilePath>Templates/Model/Model/ModelTemplatePartial.cs</ApplicationRelativeFilePath>
      <ProjectRelativeFilePath>Model/Model/ModelTemplatePartial.cs</ProjectRelativeFilePath>
      <IsIgnored>false</IsIgnored>
    </FileLog>
    <FileLog>
      <ProjectId>abc98339-4259-4d28-82ae-502ba6cdc8b2</ProjectId>
      <CorrelationId>Intent.ModuleBuilder.TemplateRegistration.FilePerModel#9273966e-d177-45c3-8807-1e3bcbbf2cd8</CorrelationId>
      <OverwriteBehaviour>always</OverwriteBehaviour>
      <ApplicationRelativeFilePath>Templates/Model/Model/ModelTemplateRegistration.cs</ApplicationRelativeFilePath>
      <ProjectRelativeFilePath>Model/Model/ModelTemplateRegistration.cs</ProjectRelativeFilePath>
      <IsIgnored>false</IsIgnored>
    </FileLog>
    <FileLog>
      <ProjectId>abc98339-4259-4d28-82ae-502ba6cdc8b2</ProjectId>
      <CorrelationId>ModuleBuilder.Typescript.Templates.TypescriptTemplate.PreProcessT4#84287d05-962d-4c48-a274-5057407cd4aa</CorrelationId>
      <OverwriteBehaviour>always</OverwriteBehaviour>
      <ApplicationRelativeFilePath>Templates/Module/AngularModule/AngularModuleTemplate.cs</ApplicationRelativeFilePath>
      <ProjectRelativeFilePath>Module/AngularModule/AngularModuleTemplate.cs</ProjectRelativeFilePath>
      <IsIgnored>false</IsIgnored>
    </FileLog>
    <FileLog>
      <ProjectId>abc98339-4259-4d28-82ae-502ba6cdc8b2</ProjectId>
      <CorrelationId>Intent.ModuleBuilder.TypeScript.Templates.TypescriptTemplateT4#84287d05-962d-4c48-a274-5057407cd4aa</CorrelationId>
      <OverwriteBehaviour>always</OverwriteBehaviour>
      <ApplicationRelativeFilePath>Templates/Module/AngularModule/AngularModuleTemplate.tt</ApplicationRelativeFilePath>
      <ProjectRelativeFilePath>Module/AngularModule/AngularModuleTemplate.tt</ProjectRelativeFilePath>
      <IsIgnored>false</IsIgnored>
    </FileLog>
    <FileLog>
      <ProjectId>abc98339-4259-4d28-82ae-502ba6cdc8b2</ProjectId>
      <CorrelationId>Intent.ModuleBuilder.TypeScript.Templates.TypescriptTemplatePartial#84287d05-962d-4c48-a274-5057407cd4aa</CorrelationId>
      <OverwriteBehaviour>always</OverwriteBehaviour>
      <ApplicationRelativeFilePath>Templates/Module/AngularModule/AngularModuleTemplatePartial.cs</ApplicationRelativeFilePath>
      <ProjectRelativeFilePath>Module/AngularModule/AngularModuleTemplatePartial.cs</ProjectRelativeFilePath>
      <IsIgnored>false</IsIgnored>
    </FileLog>
    <FileLog>
      <ProjectId>abc98339-4259-4d28-82ae-502ba6cdc8b2</ProjectId>
      <CorrelationId>Intent.ModuleBuilder.TemplateRegistration.FilePerModel#84287d05-962d-4c48-a274-5057407cd4aa</CorrelationId>
      <OverwriteBehaviour>always</OverwriteBehaviour>
      <ApplicationRelativeFilePath>Templates/Module/AngularModule/AngularModuleTemplateRegistration.cs</ApplicationRelativeFilePath>
      <ProjectRelativeFilePath>Module/AngularModule/AngularModuleTemplateRegistration.cs</ProjectRelativeFilePath>
      <IsIgnored>false</IsIgnored>
    </FileLog>
    <FileLog>
      <ProjectId>abc98339-4259-4d28-82ae-502ba6cdc8b2</ProjectId>
      <CorrelationId>ModuleBuilder.Typescript.Templates.TypescriptTemplate.PreProcessT4#46c14796-f106-463c-93de-d60d31354fac</CorrelationId>
      <OverwriteBehaviour>always</OverwriteBehaviour>
      <ApplicationRelativeFilePath>Templates/Module/AngularResolver/AngularResolverTemplate.cs</ApplicationRelativeFilePath>
      <ProjectRelativeFilePath>Module/AngularResolver/AngularResolverTemplate.cs</ProjectRelativeFilePath>
      <IsIgnored>false</IsIgnored>
    </FileLog>
    <FileLog>
      <ProjectId>abc98339-4259-4d28-82ae-502ba6cdc8b2</ProjectId>
      <CorrelationId>Intent.ModuleBuilder.TypeScript.Templates.TypescriptTemplateT4#46c14796-f106-463c-93de-d60d31354fac</CorrelationId>
      <OverwriteBehaviour>always</OverwriteBehaviour>
      <ApplicationRelativeFilePath>Templates/Module/AngularResolver/AngularResolverTemplate.tt</ApplicationRelativeFilePath>
      <ProjectRelativeFilePath>Module/AngularResolver/AngularResolverTemplate.tt</ProjectRelativeFilePath>
      <IsIgnored>false</IsIgnored>
    </FileLog>
    <FileLog>
      <ProjectId>abc98339-4259-4d28-82ae-502ba6cdc8b2</ProjectId>
      <CorrelationId>Intent.ModuleBuilder.TypeScript.Templates.TypescriptTemplatePartial#46c14796-f106-463c-93de-d60d31354fac</CorrelationId>
      <OverwriteBehaviour>always</OverwriteBehaviour>
      <ApplicationRelativeFilePath>Templates/Module/AngularResolver/AngularResolverTemplatePartial.cs</ApplicationRelativeFilePath>
      <ProjectRelativeFilePath>Module/AngularResolver/AngularResolverTemplatePartial.cs</ProjectRelativeFilePath>
      <IsIgnored>false</IsIgnored>
    </FileLog>
    <FileLog>
      <ProjectId>abc98339-4259-4d28-82ae-502ba6cdc8b2</ProjectId>
      <CorrelationId>Intent.ModuleBuilder.TemplateRegistration.FilePerModel#46c14796-f106-463c-93de-d60d31354fac</CorrelationId>
      <OverwriteBehaviour>always</OverwriteBehaviour>
      <ApplicationRelativeFilePath>Templates/Module/AngularResolver/AngularResolverTemplateRegistration.cs</ApplicationRelativeFilePath>
      <ProjectRelativeFilePath>Module/AngularResolver/AngularResolverTemplateRegistration.cs</ProjectRelativeFilePath>
      <IsIgnored>false</IsIgnored>
    </FileLog>
    <FileLog>
      <ProjectId>abc98339-4259-4d28-82ae-502ba6cdc8b2</ProjectId>
      <CorrelationId>ModuleBuilder.Typescript.Templates.TypescriptTemplate.PreProcessT4#1a817c51-35c5-4e17-8c69-f6a193f338a7</CorrelationId>
      <OverwriteBehaviour>always</OverwriteBehaviour>
      <ApplicationRelativeFilePath>Templates/Module/AngularRoutingModule/AngularRoutingModuleTemplate.cs</ApplicationRelativeFilePath>
      <ProjectRelativeFilePath>Module/AngularRoutingModule/AngularRoutingModuleTemplate.cs</ProjectRelativeFilePath>
      <IsIgnored>false</IsIgnored>
    </FileLog>
    <FileLog>
      <ProjectId>abc98339-4259-4d28-82ae-502ba6cdc8b2</ProjectId>
      <CorrelationId>Intent.ModuleBuilder.TypeScript.Templates.TypescriptTemplateT4#1a817c51-35c5-4e17-8c69-f6a193f338a7</CorrelationId>
      <OverwriteBehaviour>always</OverwriteBehaviour>
      <ApplicationRelativeFilePath>Templates/Module/AngularRoutingModule/AngularRoutingModuleTemplate.tt</ApplicationRelativeFilePath>
      <ProjectRelativeFilePath>Module/AngularRoutingModule/AngularRoutingModuleTemplate.tt</ProjectRelativeFilePath>
      <IsIgnored>false</IsIgnored>
    </FileLog>
    <FileLog>
      <ProjectId>abc98339-4259-4d28-82ae-502ba6cdc8b2</ProjectId>
      <CorrelationId>Intent.ModuleBuilder.TypeScript.Templates.TypescriptTemplatePartial#1a817c51-35c5-4e17-8c69-f6a193f338a7</CorrelationId>
      <OverwriteBehaviour>always</OverwriteBehaviour>
      <ApplicationRelativeFilePath>Templates/Module/AngularRoutingModule/AngularRoutingModuleTemplatePartial.cs</ApplicationRelativeFilePath>
      <ProjectRelativeFilePath>Module/AngularRoutingModule/AngularRoutingModuleTemplatePartial.cs</ProjectRelativeFilePath>
      <IsIgnored>false</IsIgnored>
    </FileLog>
    <FileLog>
      <ProjectId>abc98339-4259-4d28-82ae-502ba6cdc8b2</ProjectId>
      <CorrelationId>Intent.ModuleBuilder.TemplateRegistration.FilePerModel#1a817c51-35c5-4e17-8c69-f6a193f338a7</CorrelationId>
      <OverwriteBehaviour>always</OverwriteBehaviour>
      <ApplicationRelativeFilePath>Templates/Module/AngularRoutingModule/AngularRoutingModuleTemplateRegistration.cs</ApplicationRelativeFilePath>
      <ProjectRelativeFilePath>Module/AngularRoutingModule/AngularRoutingModuleTemplateRegistration.cs</ProjectRelativeFilePath>
      <IsIgnored>false</IsIgnored>
    </FileLog>
    <FileLog>
      <ProjectId>abc98339-4259-4d28-82ae-502ba6cdc8b2</ProjectId>
      <CorrelationId>ModuleBuilder.Typescript.Templates.TypescriptTemplate.PreProcessT4#24192b12-bce1-4ac8-8edd-3f68a2eb3b7c</CorrelationId>
      <OverwriteBehaviour>always</OverwriteBehaviour>
      <ApplicationRelativeFilePath>Templates/Shared/IntentDecorators/IntentDecoratorsTemplate.cs</ApplicationRelativeFilePath>
      <ProjectRelativeFilePath>Shared/IntentDecorators/IntentDecoratorsTemplate.cs</ProjectRelativeFilePath>
      <IsIgnored>false</IsIgnored>
    </FileLog>
    <FileLog>
      <ProjectId>abc98339-4259-4d28-82ae-502ba6cdc8b2</ProjectId>
      <CorrelationId>Intent.ModuleBuilder.TypeScript.Templates.TypescriptTemplateT4#24192b12-bce1-4ac8-8edd-3f68a2eb3b7c</CorrelationId>
      <OverwriteBehaviour>always</OverwriteBehaviour>
      <ApplicationRelativeFilePath>Templates/Shared/IntentDecorators/IntentDecoratorsTemplate.tt</ApplicationRelativeFilePath>
      <ProjectRelativeFilePath>Shared/IntentDecorators/IntentDecoratorsTemplate.tt</ProjectRelativeFilePath>
      <IsIgnored>false</IsIgnored>
    </FileLog>
    <FileLog>
      <ProjectId>abc98339-4259-4d28-82ae-502ba6cdc8b2</ProjectId>
      <CorrelationId>Intent.ModuleBuilder.TypeScript.Templates.TypescriptTemplatePartial#24192b12-bce1-4ac8-8edd-3f68a2eb3b7c</CorrelationId>
      <OverwriteBehaviour>always</OverwriteBehaviour>
      <ApplicationRelativeFilePath>Templates/Shared/IntentDecorators/IntentDecoratorsTemplatePartial.cs</ApplicationRelativeFilePath>
      <ProjectRelativeFilePath>Shared/IntentDecorators/IntentDecoratorsTemplatePartial.cs</ProjectRelativeFilePath>
      <IsIgnored>false</IsIgnored>
    </FileLog>
    <FileLog>
      <ProjectId>abc98339-4259-4d28-82ae-502ba6cdc8b2</ProjectId>
      <CorrelationId>Intent.ModuleBuilder.TemplateRegistration.SingleFileNoModel#24192b12-bce1-4ac8-8edd-3f68a2eb3b7c</CorrelationId>
      <OverwriteBehaviour>always</OverwriteBehaviour>
      <ApplicationRelativeFilePath>Templates/Shared/IntentDecorators/IntentDecoratorsTemplateRegistration.cs</ApplicationRelativeFilePath>
      <ProjectRelativeFilePath>Shared/IntentDecorators/IntentDecoratorsTemplateRegistration.cs</ProjectRelativeFilePath>
      <IsIgnored>false</IsIgnored>
    </FileLog>
    <FileLog>
      <ProjectId>abc98339-4259-4d28-82ae-502ba6cdc8b2</ProjectId>
      <CorrelationId>Intent.ModuleBuilder.Templates.TemplateExtensions</CorrelationId>
      <OverwriteBehaviour>always</OverwriteBehaviour>
      <ApplicationRelativeFilePath>Templates/TemplateExtensions.cs</ApplicationRelativeFilePath>
      <ProjectRelativeFilePath>TemplateExtensions.cs</ProjectRelativeFilePath>
      <IsIgnored>false</IsIgnored>
    </FileLog>
  </FileLogs>
</outputLog>