<?xml version="1.0" encoding="utf-8"?>
<outputLog>
  <ApplicationId>fe241e7f-8588-40fa-86be-f9fb01a88e36</ApplicationId>
  <FileLogs>
    <FileLog>
      <CorrelationId>Intent.VisualStudio.Projects.VisualStudio2015Solution#a9ad4760-d8e4-4591-a79b-16171936e4b6</CorrelationId>
      <OverwriteBehaviour>always</OverwriteBehaviour>
      <ApplicationRelativeFilePath>../Intent.Modules.Web.sln</ApplicationRelativeFilePath>
      <IsIgnored>false</IsIgnored>
    </FileLog>
    <FileLog>
      <ProjectId>d463283f-3f3e-43e0-bb51-b135b172311c</ProjectId>
      <CorrelationId>Intent.ModuleBuilder.Templates.Api.ApiElementExtensionModel#870f96f9-8a6e-4847-8de4-f883c5eafc62</CorrelationId>
      <OverwriteBehaviour>always</OverwriteBehaviour>
      <ApplicationRelativeFilePath>Api/ComponentViewExtensionModel.cs</ApplicationRelativeFilePath>
      <ProjectRelativeFilePath>ComponentViewExtensionModel.cs</ProjectRelativeFilePath>
      <IsIgnored>false</IsIgnored>
    </FileLog>
    <FileLog>
      <ProjectId>d463283f-3f3e-43e0-bb51-b135b172311c</ProjectId>
      <CorrelationId>Intent.ModuleBuilder.Templates.Api.ApiElementModel#fc108495-cb62-4a0a-8b3e-1b601a442da3</CorrelationId>
      <OverwriteBehaviour>always</OverwriteBehaviour>
      <ApplicationRelativeFilePath>Api/LoginMenuModel.cs</ApplicationRelativeFilePath>
      <ProjectRelativeFilePath>LoginMenuModel.cs</ProjectRelativeFilePath>
      <IsIgnored>false</IsIgnored>
    </FileLog>
    <FileLog>
      <ProjectId>d463283f-3f3e-43e0-bb51-b135b172311c</ProjectId>
      <CorrelationId>Intent.ModuleBuilder.Templates.Api.ApiElementExtensionModel#92d1d466-c0a0-4168-bf58-54cd4f166b08</CorrelationId>
      <OverwriteBehaviour>always</OverwriteBehaviour>
      <ApplicationRelativeFilePath>Api/NavbarExtensionModel.cs</ApplicationRelativeFilePath>
      <ProjectRelativeFilePath>NavbarExtensionModel.cs</ProjectRelativeFilePath>
      <IsIgnored>false</IsIgnored>
    </FileLog>
    <FileLog>
      <ProjectId>d463283f-3f3e-43e0-bb51-b135b172311c</ProjectId>
      <CorrelationId>Intent.ModuleBuilder.Templates.Api.ApiElementExtensionModel#d7a42e98-3ee1-487b-8e69-8a589a6d434c</CorrelationId>
      <OverwriteBehaviour>always</OverwriteBehaviour>
      <ApplicationRelativeFilePath>Api/SectionExtensionModel.cs</ApplicationRelativeFilePath>
      <ProjectRelativeFilePath>SectionExtensionModel.cs</ProjectRelativeFilePath>
      <IsIgnored>false</IsIgnored>
    </FileLog>
    <FileLog>
      <ProjectId>0b4155ba-8b36-4eb9-a383-2d23ee7113a3</ProjectId>
      <CorrelationId>Intent.ModuleBuilder.Templates.Api.ApiMetadataProviderExtensions</CorrelationId>
      <OverwriteBehaviour>always</OverwriteBehaviour>
      <ApplicationRelativeFilePath>ApiMetadataProviderExtensions.cs</ApplicationRelativeFilePath>
      <ProjectRelativeFilePath>ApiMetadataProviderExtensions.cs</ProjectRelativeFilePath>
      <IsIgnored>false</IsIgnored>
    </FileLog>
    <FileLog>
      <ProjectId>139cbb36-978e-4638-acde-c4ee8b1ca524</ProjectId>
      <CorrelationId>Intent.ModuleBuilder.Templates.FactoryExtension#9578b7e3-07ee-40e8-a295-af3165d60fbf</CorrelationId>
      <OverwriteBehaviour>always</OverwriteBehaviour>
      <ApplicationRelativeFilePath>FactoryExtensions/NpmCliInstaller.cs</ApplicationRelativeFilePath>
      <ProjectRelativeFilePath>NpmCliInstaller.cs</ProjectRelativeFilePath>
      <IsIgnored>false</IsIgnored>
    </FileLog>
    <FileLog>
      <ProjectId>0b4155ba-8b36-4eb9-a383-2d23ee7113a3</ProjectId>
      <CorrelationId>Intent.ModuleBuilder.IModSpecFile</CorrelationId>
      <OverwriteBehaviour>always</OverwriteBehaviour>
      <ApplicationRelativeFilePath>Intent.Angular.ApiAuthorization.imodspec</ApplicationRelativeFilePath>
      <ProjectRelativeFilePath>Intent.Angular.ApiAuthorization.imodspec</ProjectRelativeFilePath>
      <IsIgnored>false</IsIgnored>
    </FileLog>
    <FileLog>
      <ProjectId>0b4155ba-8b36-4eb9-a383-2d23ee7113a3</ProjectId>
      <CorrelationId>Intent.VisualStudio.Projects.CoreLibrary.CSProject#0b4155ba-8b36-4eb9-a383-2d23ee7113a3</CorrelationId>
      <OverwriteBehaviour>always</OverwriteBehaviour>
      <ApplicationRelativeFilePath>Intent.Modules.Angular.ApiAuthorization.csproj</ApplicationRelativeFilePath>
      <ProjectRelativeFilePath>Intent.Modules.Angular.ApiAuthorization.csproj</ProjectRelativeFilePath>
      <IsIgnored>false</IsIgnored>
    </FileLog>
    <FileLog>
      <ProjectId>116f7317-3e6b-4b94-a73e-7d9c9f11e207</ProjectId>
      <CorrelationId>Intent.ModuleBuilder.DesignerSettings#b03cd747-cd8a-49af-9959-be9f69cb96f0</CorrelationId>
      <OverwriteBehaviour>always</OverwriteBehaviour>
      <ApplicationRelativeFilePath>modelers/Authorization Components.designer.settings</ApplicationRelativeFilePath>
      <ProjectRelativeFilePath>Authorization Components.designer.settings</ProjectRelativeFilePath>
      <IsIgnored>false</IsIgnored>
    </FileLog>
    <FileLog>
      <ProjectId>0b4155ba-8b36-4eb9-a383-2d23ee7113a3</ProjectId>
      <CorrelationId>Intent.ModuleBuilder.ReadMe</CorrelationId>
      <OverwriteBehaviour>always</OverwriteBehaviour>
      <ApplicationRelativeFilePath>README.txt</ApplicationRelativeFilePath>
      <ProjectRelativeFilePath>README.txt</ProjectRelativeFilePath>
      <IsIgnored>false</IsIgnored>
    </FileLog>
    <FileLog>
      <ProjectId>55893a93-c4f1-4a6a-926b-16485d9034d8</ProjectId>
      <CorrelationId>ModuleBuilder.Typescript.Templates.TypescriptTemplate.PreProcessT4#b1160f24-71f9-46fd-94d7-8d76a833ade9</CorrelationId>
      <OverwriteBehaviour>always</OverwriteBehaviour>
      <ApplicationRelativeFilePath>Templates/ApiAuthTypescriptZipFileContent/ApiAuthTypescriptZipFileContentTemplate.cs</ApplicationRelativeFilePath>
      <ProjectRelativeFilePath>ApiAuthTypescriptZipFileContent/ApiAuthTypescriptZipFileContentTemplate.cs</ProjectRelativeFilePath>
      <IsIgnored>false</IsIgnored>
    </FileLog>
    <FileLog>
      <ProjectId>55893a93-c4f1-4a6a-926b-16485d9034d8</ProjectId>
      <CorrelationId>Intent.ModuleBuilder.TypeScript.Templates.TypescriptTemplateT4#b1160f24-71f9-46fd-94d7-8d76a833ade9</CorrelationId>
      <OverwriteBehaviour>always</OverwriteBehaviour>
      <ApplicationRelativeFilePath>Templates/ApiAuthTypescriptZipFileContent/ApiAuthTypescriptZipFileContentTemplate.tt</ApplicationRelativeFilePath>
      <ProjectRelativeFilePath>ApiAuthTypescriptZipFileContent/ApiAuthTypescriptZipFileContentTemplate.tt</ProjectRelativeFilePath>
      <IsIgnored>false</IsIgnored>
    </FileLog>
    <FileLog>
      <ProjectId>55893a93-c4f1-4a6a-926b-16485d9034d8</ProjectId>
      <CorrelationId>Intent.ModuleBuilder.TypeScript.Templates.TypescriptTemplatePartial#b1160f24-71f9-46fd-94d7-8d76a833ade9</CorrelationId>
      <OverwriteBehaviour>always</OverwriteBehaviour>
      <ApplicationRelativeFilePath>Templates/ApiAuthTypescriptZipFileContent/ApiAuthTypescriptZipFileContentTemplatePartial.cs</ApplicationRelativeFilePath>
      <ProjectRelativeFilePath>ApiAuthTypescriptZipFileContent/ApiAuthTypescriptZipFileContentTemplatePartial.cs</ProjectRelativeFilePath>
      <IsIgnored>false</IsIgnored>
    </FileLog>
    <FileLog>
      <ProjectId>55893a93-c4f1-4a6a-926b-16485d9034d8</ProjectId>
      <CorrelationId>Intent.ModuleBuilder.TemplateRegistration.Custom#b1160f24-71f9-46fd-94d7-8d76a833ade9</CorrelationId>
      <OverwriteBehaviour>always</OverwriteBehaviour>
      <ApplicationRelativeFilePath>Templates/ApiAuthTypescriptZipFileContent/ApiAuthTypescriptZipFileContentTemplateRegistration.cs</ApplicationRelativeFilePath>
      <ProjectRelativeFilePath>ApiAuthTypescriptZipFileContent/ApiAuthTypescriptZipFileContentTemplateRegistration.cs</ProjectRelativeFilePath>
      <IsIgnored>false</IsIgnored>
    </FileLog>
    <FileLog>
      <ProjectId>55893a93-c4f1-4a6a-926b-16485d9034d8</ProjectId>
      <CorrelationId>Intent.ModuleBuilder.ProjectItemTemplate.Partial#08ee557b-aba4-4960-b6f3-ff4affb5093a</CorrelationId>
      <OverwriteBehaviour>always</OverwriteBehaviour>
      <ApplicationRelativeFilePath>Templates/GeneralApiAuthZipFileContent/GeneralApiAuthZipFileContentTemplatePartial.cs</ApplicationRelativeFilePath>
      <ProjectRelativeFilePath>GeneralApiAuthZipFileContent/GeneralApiAuthZipFileContentTemplatePartial.cs</ProjectRelativeFilePath>
      <IsIgnored>false</IsIgnored>
    </FileLog>
    <FileLog>
      <ProjectId>55893a93-c4f1-4a6a-926b-16485d9034d8</ProjectId>
      <CorrelationId>Intent.ModuleBuilder.TemplateRegistration.Custom#08ee557b-aba4-4960-b6f3-ff4affb5093a</CorrelationId>
      <OverwriteBehaviour>always</OverwriteBehaviour>
      <ApplicationRelativeFilePath>Templates/GeneralApiAuthZipFileContent/GeneralApiAuthZipFileContentTemplateRegistration.cs</ApplicationRelativeFilePath>
      <ProjectRelativeFilePath>GeneralApiAuthZipFileContent/GeneralApiAuthZipFileContentTemplateRegistration.cs</ProjectRelativeFilePath>
      <IsIgnored>false</IsIgnored>
    </FileLog>
    <FileLog>
      <ProjectId>55893a93-c4f1-4a6a-926b-16485d9034d8</ProjectId>
      <CorrelationId>Intent.ModuleBuilder.Templates.TemplateExtensions</CorrelationId>
      <OverwriteBehaviour>always</OverwriteBehaviour>
      <ApplicationRelativeFilePath>Templates/TemplateExtensions.cs</ApplicationRelativeFilePath>
      <ProjectRelativeFilePath>TemplateExtensions.cs</ProjectRelativeFilePath>
      <IsIgnored>false</IsIgnored>
    </FileLog>
  </FileLogs>
</outputLog>