<?xml version="1.0" encoding="utf-8"?>
<outputLog>
  <ApplicationId>49018a38-94b9-46d5-b6b7-8ce2e5aae4a9</ApplicationId>
  <FileLogs>
    <FileLog>
      <CorrelationId>Intent.VisualStudio.Projects.VisualStudio2015Solution#4f8bd004-ca5e-4005-9401-11466c72ccb9</CorrelationId>
      <OverwriteBehaviour>always</OverwriteBehaviour>
      <ApplicationRelativeFilePath>../Intent.Modules.Web.sln</ApplicationRelativeFilePath>
      <IsIgnored>false</IsIgnored>
    </FileLog>
    <FileLog>
      <ProjectId>52d04f2f-7ff6-4102-bfc1-fcb55203dad0</ProjectId>
      <CorrelationId>Intent.ModuleBuilder.Templates.Api.ApiPackageExtensionModel#b8aec31f-9a62-44c7-ad75-2714327799f9</CorrelationId>
      <OverwriteBehaviour>always</OverwriteBehaviour>
      <ApplicationRelativeFilePath>AngularAppExtensionsModel.cs</ApplicationRelativeFilePath>
      <ProjectRelativeFilePath>AngularAppExtensionsModel.cs</ProjectRelativeFilePath>
      <IsIgnored>false</IsIgnored>
    </FileLog>
    <FileLog>
      <ProjectId>0d2ee049-ab68-4892-b48f-6577cc634f4c</ProjectId>
      <CorrelationId>Intent.ModuleBuilder.Templates.Api.ApiElementModel#13eca516-0628-4085-91c3-36d5eddda6c9</CorrelationId>
      <OverwriteBehaviour>always</OverwriteBehaviour>
      <ApplicationRelativeFilePath>Api/ButtonControlModel.cs</ApplicationRelativeFilePath>
      <ProjectRelativeFilePath>ButtonControlModel.cs</ProjectRelativeFilePath>
      <IsIgnored>false</IsIgnored>
    </FileLog>
    <FileLog>
      <ProjectId>0d2ee049-ab68-4892-b48f-6577cc634f4c</ProjectId>
      <CorrelationId>Intent.ModuleBuilder.Templates.Api.ApiElementModel#8e6bf0e3-9f98-4143-9900-78815b2201db</CorrelationId>
      <OverwriteBehaviour>always</OverwriteBehaviour>
      <ApplicationRelativeFilePath>Api/ButtonControlParameterModel.cs</ApplicationRelativeFilePath>
      <ProjectRelativeFilePath>ButtonControlParameterModel.cs</ProjectRelativeFilePath>
      <IsIgnored>false</IsIgnored>
    </FileLog>
    <FileLog>
      <ProjectId>0d2ee049-ab68-4892-b48f-6577cc634f4c</ProjectId>
      <CorrelationId>Intent.ModuleBuilder.Templates.Api.ApiElementExtensionModel#7ecca4f0-404f-45fe-988c-272ac8c26ec6</CorrelationId>
      <OverwriteBehaviour>always</OverwriteBehaviour>
      <ApplicationRelativeFilePath>Api/ComponentViewExtensionModel.cs</ApplicationRelativeFilePath>
      <ProjectRelativeFilePath>ComponentViewExtensionModel.cs</ProjectRelativeFilePath>
      <IsIgnored>false</IsIgnored>
    </FileLog>
    <FileLog>
      <ProjectId>0d2ee049-ab68-4892-b48f-6577cc634f4c</ProjectId>
      <CorrelationId>Intent.ModuleBuilder.Templates.Api.ApiElementModel#91610e3a-f0e4-4807-a1b3-4dc947fe13ac</CorrelationId>
      <OverwriteBehaviour>always</OverwriteBehaviour>
      <ApplicationRelativeFilePath>Api/DropdownModel.cs</ApplicationRelativeFilePath>
      <ProjectRelativeFilePath>DropdownModel.cs</ProjectRelativeFilePath>
      <IsIgnored>false</IsIgnored>
    </FileLog>
    <FileLog>
      <ProjectId>188e1552-f648-48db-a9c3-75b661358b0d</ProjectId>
      <CorrelationId>Intent.ModuleBuilder.Templates.Api.ApiElementModelExtensions#13eca516-0628-4085-91c3-36d5eddda6c9</CorrelationId>
      <OverwriteBehaviour>always</OverwriteBehaviour>
      <ApplicationRelativeFilePath>Api/Extensions/ButtonControlModelStereotypeExtensions.cs</ApplicationRelativeFilePath>
      <ProjectRelativeFilePath>ButtonControlModelStereotypeExtensions.cs</ProjectRelativeFilePath>
      <IsIgnored>false</IsIgnored>
    </FileLog>
    <FileLog>
      <ProjectId>188e1552-f648-48db-a9c3-75b661358b0d</ProjectId>
      <CorrelationId>Intent.ModuleBuilder.Templates.Api.ApiElementModelExtensions#b0127146-e571-4000-825e-e7a04e4a45d6</CorrelationId>
      <OverwriteBehaviour>always</OverwriteBehaviour>
      <ApplicationRelativeFilePath>Api/Extensions/LinkModelStereotypeExtensions.cs</ApplicationRelativeFilePath>
      <ProjectRelativeFilePath>LinkModelStereotypeExtensions.cs</ProjectRelativeFilePath>
      <IsIgnored>false</IsIgnored>
    </FileLog>
    <FileLog>
      <ProjectId>188e1552-f648-48db-a9c3-75b661358b0d</ProjectId>
      <CorrelationId>Intent.ModuleBuilder.Templates.Api.ApiElementModelExtensions#e302d9ca-268e-4a98-ad8d-4434aefb9903</CorrelationId>
      <OverwriteBehaviour>always</OverwriteBehaviour>
      <ApplicationRelativeFilePath>Api/Extensions/TableControlModelStereotypeExtensions.cs</ApplicationRelativeFilePath>
      <ProjectRelativeFilePath>TableControlModelStereotypeExtensions.cs</ProjectRelativeFilePath>
      <IsIgnored>false</IsIgnored>
    </FileLog>
    <FileLog>
      <ProjectId>0d2ee049-ab68-4892-b48f-6577cc634f4c</ProjectId>
      <CorrelationId>Intent.ModuleBuilder.Templates.Api.ApiElementModel#f234d77d-a306-41c1-ad38-a47b14ecb0ff</CorrelationId>
      <OverwriteBehaviour>always</OverwriteBehaviour>
      <ApplicationRelativeFilePath>Api/FormControlModel.cs</ApplicationRelativeFilePath>
      <ProjectRelativeFilePath>FormControlModel.cs</ProjectRelativeFilePath>
      <IsIgnored>false</IsIgnored>
    </FileLog>
    <FileLog>
      <ProjectId>0d2ee049-ab68-4892-b48f-6577cc634f4c</ProjectId>
      <CorrelationId>Intent.ModuleBuilder.Templates.Api.ApiElementModel#1e3e3916-0cdb-45bb-a3b8-d7e01834cc36</CorrelationId>
      <OverwriteBehaviour>always</OverwriteBehaviour>
      <ApplicationRelativeFilePath>Api/FormFieldModel.cs</ApplicationRelativeFilePath>
      <ProjectRelativeFilePath>FormFieldModel.cs</ProjectRelativeFilePath>
      <IsIgnored>false</IsIgnored>
    </FileLog>
    <FileLog>
      <ProjectId>0d2ee049-ab68-4892-b48f-6577cc634f4c</ProjectId>
      <CorrelationId>Intent.ModuleBuilder.Templates.Api.ApiElementModel#8aee9b69-d02d-4ca8-b28a-6585508bd033</CorrelationId>
      <OverwriteBehaviour>always</OverwriteBehaviour>
      <ApplicationRelativeFilePath>Api/FormModel.cs</ApplicationRelativeFilePath>
      <ProjectRelativeFilePath>FormModel.cs</ProjectRelativeFilePath>
      <IsIgnored>false</IsIgnored>
    </FileLog>
    <FileLog>
      <ProjectId>0d2ee049-ab68-4892-b48f-6577cc634f4c</ProjectId>
      <CorrelationId>Intent.ModuleBuilder.Templates.Api.ApiElementModel#b0127146-e571-4000-825e-e7a04e4a45d6</CorrelationId>
      <OverwriteBehaviour>always</OverwriteBehaviour>
      <ApplicationRelativeFilePath>Api/LinkModel.cs</ApplicationRelativeFilePath>
      <ProjectRelativeFilePath>LinkModel.cs</ProjectRelativeFilePath>
      <IsIgnored>false</IsIgnored>
    </FileLog>
    <FileLog>
      <ProjectId>0d2ee049-ab68-4892-b48f-6577cc634f4c</ProjectId>
      <CorrelationId>Intent.ModuleBuilder.Templates.Api.ApiElementExtensionModel#39f08424-a591-4e93-b302-d7dd27360b4e</CorrelationId>
      <OverwriteBehaviour>always</OverwriteBehaviour>
      <ApplicationRelativeFilePath>Api/ModuleExtensionModel.cs</ApplicationRelativeFilePath>
      <ProjectRelativeFilePath>ModuleExtensionModel.cs</ProjectRelativeFilePath>
      <IsIgnored>false</IsIgnored>
    </FileLog>
    <FileLog>
      <ProjectId>0d2ee049-ab68-4892-b48f-6577cc634f4c</ProjectId>
      <CorrelationId>Intent.ModuleBuilder.Templates.Api.ApiElementModel#990cd6f1-8840-419b-be75-4ec63f03f359</CorrelationId>
      <OverwriteBehaviour>always</OverwriteBehaviour>
      <ApplicationRelativeFilePath>Api/NavbarModel.cs</ApplicationRelativeFilePath>
      <ProjectRelativeFilePath>NavbarModel.cs</ProjectRelativeFilePath>
      <IsIgnored>false</IsIgnored>
    </FileLog>
    <FileLog>
      <ProjectId>0d2ee049-ab68-4892-b48f-6577cc634f4c</ProjectId>
      <CorrelationId>Intent.ModuleBuilder.Templates.Api.ApiElementModel#3faee16c-8605-4bb4-8566-06a555c929a3</CorrelationId>
      <OverwriteBehaviour>always</OverwriteBehaviour>
      <ApplicationRelativeFilePath>Api/PaginationControlModel.cs</ApplicationRelativeFilePath>
      <ProjectRelativeFilePath>PaginationControlModel.cs</ProjectRelativeFilePath>
      <IsIgnored>false</IsIgnored>
    </FileLog>
    <FileLog>
      <ProjectId>0d2ee049-ab68-4892-b48f-6577cc634f4c</ProjectId>
      <CorrelationId>Intent.ModuleBuilder.Templates.Api.ApiElementModel#45072fbf-b34a-4625-b7ea-d5b1962a5b60</CorrelationId>
      <OverwriteBehaviour>always</OverwriteBehaviour>
      <ApplicationRelativeFilePath>Api/SectionModel.cs</ApplicationRelativeFilePath>
      <ProjectRelativeFilePath>SectionModel.cs</ProjectRelativeFilePath>
      <IsIgnored>false</IsIgnored>
    </FileLog>
    <FileLog>
      <ProjectId>0d2ee049-ab68-4892-b48f-6577cc634f4c</ProjectId>
      <CorrelationId>Intent.ModuleBuilder.Templates.Api.ApiElementModel#6837f6c2-f098-45df-8be4-900036b73e25</CorrelationId>
      <OverwriteBehaviour>always</OverwriteBehaviour>
      <ApplicationRelativeFilePath>Api/TableColumnModel.cs</ApplicationRelativeFilePath>
      <ProjectRelativeFilePath>TableColumnModel.cs</ProjectRelativeFilePath>
      <IsIgnored>false</IsIgnored>
    </FileLog>
    <FileLog>
      <ProjectId>0d2ee049-ab68-4892-b48f-6577cc634f4c</ProjectId>
      <CorrelationId>Intent.ModuleBuilder.Templates.Api.ApiElementModel#e302d9ca-268e-4a98-ad8d-4434aefb9903</CorrelationId>
      <OverwriteBehaviour>always</OverwriteBehaviour>
      <ApplicationRelativeFilePath>Api/TableControlModel.cs</ApplicationRelativeFilePath>
      <ProjectRelativeFilePath>TableControlModel.cs</ProjectRelativeFilePath>
      <IsIgnored>false</IsIgnored>
    </FileLog>
    <FileLog>
      <ProjectId>52d04f2f-7ff6-4102-bfc1-fcb55203dad0</ProjectId>
      <CorrelationId>Intent.ModuleBuilder.IModSpecFile</CorrelationId>
      <OverwriteBehaviour>always</OverwriteBehaviour>
      <ApplicationRelativeFilePath>Intent.Angular.Layout.imodspec</ApplicationRelativeFilePath>
      <ProjectRelativeFilePath>Intent.Angular.Layout.imodspec</ProjectRelativeFilePath>
      <IsIgnored>false</IsIgnored>
    </FileLog>
    <FileLog>
      <ProjectId>52d04f2f-7ff6-4102-bfc1-fcb55203dad0</ProjectId>
      <CorrelationId>Intent.VisualStudio.Projects.CoreLibrary.CSProject#52d04f2f-7ff6-4102-bfc1-fcb55203dad0</CorrelationId>
      <OverwriteBehaviour>always</OverwriteBehaviour>
      <ApplicationRelativeFilePath>Intent.Modules.Angular.Layout.csproj</ApplicationRelativeFilePath>
      <ProjectRelativeFilePath>Intent.Modules.Angular.Layout.csproj</ProjectRelativeFilePath>
      <IsIgnored>false</IsIgnored>
    </FileLog>
    <FileLog>
      <ProjectId>e80fbd12-d8c0-4373-b120-7a22a655410b</ProjectId>
      <CorrelationId>Intent.ModuleBuilder.DesignerSettings#d3c58ce6-a07c-47dc-8626-f73cf1d047e2</CorrelationId>
      <OverwriteBehaviour>always</OverwriteBehaviour>
      <ApplicationRelativeFilePath>modelers/Angular Layout Extensions.designer.settings</ApplicationRelativeFilePath>
      <ProjectRelativeFilePath>Angular Layout Extensions.designer.settings</ProjectRelativeFilePath>
      <IsIgnored>false</IsIgnored>
    </FileLog>
    <FileLog>
      <ProjectId>52d04f2f-7ff6-4102-bfc1-fcb55203dad0</ProjectId>
      <CorrelationId>Intent.ModuleBuilder.ReadMe</CorrelationId>
      <OverwriteBehaviour>always</OverwriteBehaviour>
      <ApplicationRelativeFilePath>README.txt</ApplicationRelativeFilePath>
      <ProjectRelativeFilePath>README.txt</ProjectRelativeFilePath>
      <IsIgnored>false</IsIgnored>
    </FileLog>
  </FileLogs>
</outputLog>