<?xml version="1.0" encoding="utf-8"?>
<outputLog>
  <ApplicationId>89c7df59-3ece-4e22-ac0d-d612722c811c</ApplicationId>
  <FileLogs>
    <FileLog>
      <CorrelationId>Intent.VisualStudio.Projects.VisualStudioSolution#9aba684d-f303-4f00-a6be-f1b75c8a92ea</CorrelationId>
      <OverwriteBehaviour>always</OverwriteBehaviour>
      <ApplicationRelativeFilePath>../Intent.Modules.Web.sln</ApplicationRelativeFilePath>
      <IsIgnored>false</IsIgnored>
    </FileLog>
    <FileLog>
      <ProjectId>cd404cb9-57b2-4161-a7ae-e864b9a9e35d</ProjectId>
      <CorrelationId>Intent.ModuleBuilder.Templates.Api.ApiElementModel#d009e5af-adb7-45c5-921c-fe8e209b8aa2</CorrelationId>
      <OverwriteBehaviour>always</OverwriteBehaviour>
      <ApplicationRelativeFilePath>Api/AngularServiceModel.cs</ApplicationRelativeFilePath>
      <ProjectRelativeFilePath>AngularServiceModel.cs</ProjectRelativeFilePath>
      <IsIgnored>false</IsIgnored>
    </FileLog>
    <FileLog>
      <ProjectId>cd404cb9-57b2-4161-a7ae-e864b9a9e35d</ProjectId>
      <CorrelationId>Intent.ModuleBuilder.Templates.Api.ApiPackageExtensionModel#dba0b59e-2904-4ae3-b04a-a5c034aaf195</CorrelationId>
      <OverwriteBehaviour>always</OverwriteBehaviour>
      <ApplicationRelativeFilePath>Api/AngularWebAppModel.cs</ApplicationRelativeFilePath>
      <ProjectRelativeFilePath>AngularWebAppModel.cs</ProjectRelativeFilePath>
      <IsIgnored>false</IsIgnored>
    </FileLog>
    <FileLog>
      <ProjectId>cd404cb9-57b2-4161-a7ae-e864b9a9e35d</ProjectId>
      <CorrelationId>Intent.ModuleBuilder.Templates.Api.ApiMetadataProviderExtensions</CorrelationId>
      <OverwriteBehaviour>always</OverwriteBehaviour>
      <ApplicationRelativeFilePath>Api/ApiMetadataProviderExtensions.cs</ApplicationRelativeFilePath>
      <ProjectRelativeFilePath>ApiMetadataProviderExtensions.cs</ProjectRelativeFilePath>
      <IsIgnored>false</IsIgnored>
    </FileLog>
    <FileLog>
      <ProjectId>cd404cb9-57b2-4161-a7ae-e864b9a9e35d</ProjectId>
      <CorrelationId>Intent.ModuleBuilder.Templates.Api.ApiElementModel#4a1ce2a9-e79f-4e93-96af-24b44728ecbc</CorrelationId>
      <OverwriteBehaviour>always</OverwriteBehaviour>
      <ApplicationRelativeFilePath>Api/CommandParameterModel.cs</ApplicationRelativeFilePath>
      <ProjectRelativeFilePath>CommandParameterModel.cs</ProjectRelativeFilePath>
      <IsIgnored>false</IsIgnored>
    </FileLog>
    <FileLog>
      <ProjectId>cd404cb9-57b2-4161-a7ae-e864b9a9e35d</ProjectId>
      <CorrelationId>Intent.ModuleBuilder.Templates.Api.ApiElementModel#d6739ffc-30e6-4170-a105-bf28e69aa578</CorrelationId>
      <OverwriteBehaviour>always</OverwriteBehaviour>
      <ApplicationRelativeFilePath>Api/ComponentCommandModel.cs</ApplicationRelativeFilePath>
      <ProjectRelativeFilePath>ComponentCommandModel.cs</ProjectRelativeFilePath>
      <IsIgnored>false</IsIgnored>
    </FileLog>
    <FileLog>
      <ProjectId>cd404cb9-57b2-4161-a7ae-e864b9a9e35d</ProjectId>
      <CorrelationId>Intent.ModuleBuilder.Templates.Api.ApiElementModel#807bc2cd-cdba-482d-a47e-d2aa546200fc</CorrelationId>
      <OverwriteBehaviour>always</OverwriteBehaviour>
      <ApplicationRelativeFilePath>Api/ComponentInputModel.cs</ApplicationRelativeFilePath>
      <ProjectRelativeFilePath>ComponentInputModel.cs</ProjectRelativeFilePath>
      <IsIgnored>false</IsIgnored>
    </FileLog>
    <FileLog>
      <ProjectId>cd404cb9-57b2-4161-a7ae-e864b9a9e35d</ProjectId>
      <CorrelationId>Intent.ModuleBuilder.Templates.Api.ApiElementModel#b1c481e1-e91e-4c29-9817-00ab9cad4b6b</CorrelationId>
      <OverwriteBehaviour>always</OverwriteBehaviour>
      <ApplicationRelativeFilePath>Api/ComponentModel.cs</ApplicationRelativeFilePath>
      <ProjectRelativeFilePath>ComponentModel.cs</ProjectRelativeFilePath>
      <IsIgnored>false</IsIgnored>
    </FileLog>
    <FileLog>
      <ProjectId>cd404cb9-57b2-4161-a7ae-e864b9a9e35d</ProjectId>
      <CorrelationId>Intent.ModuleBuilder.Templates.Api.ApiElementModel#356fbe17-bc63-4e16-b915-feefbc063cbe</CorrelationId>
      <OverwriteBehaviour>always</OverwriteBehaviour>
      <ApplicationRelativeFilePath>Api/ComponentModelModel.cs</ApplicationRelativeFilePath>
      <ProjectRelativeFilePath>ComponentModelModel.cs</ProjectRelativeFilePath>
      <IsIgnored>false</IsIgnored>
    </FileLog>
    <FileLog>
      <ProjectId>cd404cb9-57b2-4161-a7ae-e864b9a9e35d</ProjectId>
      <CorrelationId>Intent.ModuleBuilder.Templates.Api.ApiElementModel#56a7ef0e-737e-4a62-8237-7541c0d56882</CorrelationId>
      <OverwriteBehaviour>always</OverwriteBehaviour>
      <ApplicationRelativeFilePath>Api/ComponentOutputModel.cs</ApplicationRelativeFilePath>
      <ProjectRelativeFilePath>ComponentOutputModel.cs</ProjectRelativeFilePath>
      <IsIgnored>false</IsIgnored>
    </FileLog>
    <FileLog>
      <ProjectId>cd404cb9-57b2-4161-a7ae-e864b9a9e35d</ProjectId>
      <CorrelationId>Intent.ModuleBuilder.Templates.Api.ApiElementModel#624513a6-cba8-4dde-8ebe-6b19f00f0364</CorrelationId>
      <OverwriteBehaviour>always</OverwriteBehaviour>
      <ApplicationRelativeFilePath>Api/ComponentViewModel.cs</ApplicationRelativeFilePath>
      <ProjectRelativeFilePath>ComponentViewModel.cs</ProjectRelativeFilePath>
      <IsIgnored>false</IsIgnored>
    </FileLog>
    <FileLog>
      <ProjectId>cd404cb9-57b2-4161-a7ae-e864b9a9e35d</ProjectId>
      <CorrelationId>Intent.ModuleBuilder.Templates.Api.ApiElementModel#866a90f7-4044-43b9-bb05-7270c7889796</CorrelationId>
      <OverwriteBehaviour>always</OverwriteBehaviour>
      <ApplicationRelativeFilePath>Api/DisplayComponentModel.cs</ApplicationRelativeFilePath>
      <ProjectRelativeFilePath>DisplayComponentModel.cs</ProjectRelativeFilePath>
      <IsIgnored>false</IsIgnored>
    </FileLog>
    <FileLog>
      <ProjectId>f681c920-0dae-4317-a5dc-8a744a3beb72</ProjectId>
      <CorrelationId>Intent.ModuleBuilder.Templates.Api.ApiAssociationModelExtensions#6d2b2070-c1cb-4cd2-88b4-4e5f8414bd9e</CorrelationId>
      <OverwriteBehaviour>always</OverwriteBehaviour>
      <ApplicationRelativeFilePath>Api/Extensions/NavigationModelAssociationExtensions.cs</ApplicationRelativeFilePath>
      <ProjectRelativeFilePath>NavigationModelAssociationExtensions.cs</ProjectRelativeFilePath>
      <IsIgnored>false</IsIgnored>
    </FileLog>
    <FileLog>
      <ProjectId>cd404cb9-57b2-4161-a7ae-e864b9a9e35d</ProjectId>
      <CorrelationId>Intent.ModuleBuilder.Templates.Api.ApiElementModel#0b1c1dcb-8c31-4294-883c-a130345730d2</CorrelationId>
      <OverwriteBehaviour>always</OverwriteBehaviour>
      <ApplicationRelativeFilePath>Api/FolderModel.cs</ApplicationRelativeFilePath>
      <ProjectRelativeFilePath>FolderModel.cs</ProjectRelativeFilePath>
      <IsIgnored>false</IsIgnored>
    </FileLog>
    <FileLog>
      <ProjectId>cd404cb9-57b2-4161-a7ae-e864b9a9e35d</ProjectId>
      <CorrelationId>Intent.ModuleBuilder.Templates.Api.ApiElementModel#b4e29ea5-b9a4-47eb-8214-c4cc5b46ee91</CorrelationId>
      <OverwriteBehaviour>always</OverwriteBehaviour>
      <ApplicationRelativeFilePath>Api/FormGroupControlModel.cs</ApplicationRelativeFilePath>
      <ProjectRelativeFilePath>FormGroupControlModel.cs</ProjectRelativeFilePath>
      <IsIgnored>false</IsIgnored>
    </FileLog>
    <FileLog>
      <ProjectId>cd404cb9-57b2-4161-a7ae-e864b9a9e35d</ProjectId>
      <CorrelationId>Intent.ModuleBuilder.Templates.Api.ApiElementModel#71142b08-4d10-405b-a5bd-0620d329a992</CorrelationId>
      <OverwriteBehaviour>always</OverwriteBehaviour>
      <ApplicationRelativeFilePath>Api/FormGroupDefinitionModel.cs</ApplicationRelativeFilePath>
      <ProjectRelativeFilePath>FormGroupDefinitionModel.cs</ProjectRelativeFilePath>
      <IsIgnored>false</IsIgnored>
    </FileLog>
    <FileLog>
      <ProjectId>cd404cb9-57b2-4161-a7ae-e864b9a9e35d</ProjectId>
      <CorrelationId>Intent.ModuleBuilder.Templates.Api.ApiElementModel#0dfc489c-7456-4a3d-a28b-50a633631a48</CorrelationId>
      <OverwriteBehaviour>always</OverwriteBehaviour>
      <ApplicationRelativeFilePath>Api/ModelDefinitionFieldModel.cs</ApplicationRelativeFilePath>
      <ProjectRelativeFilePath>ModelDefinitionFieldModel.cs</ProjectRelativeFilePath>
      <IsIgnored>false</IsIgnored>
    </FileLog>
    <FileLog>
      <ProjectId>cd404cb9-57b2-4161-a7ae-e864b9a9e35d</ProjectId>
      <CorrelationId>Intent.ModuleBuilder.Templates.Api.ApiElementModel#bd3941b5-e3b3-4a40-96e6-b9c87cea0101</CorrelationId>
      <OverwriteBehaviour>always</OverwriteBehaviour>
      <ApplicationRelativeFilePath>Api/ModelDefinitionModel.cs</ApplicationRelativeFilePath>
      <ProjectRelativeFilePath>ModelDefinitionModel.cs</ProjectRelativeFilePath>
      <IsIgnored>false</IsIgnored>
    </FileLog>
    <FileLog>
      <ProjectId>cd404cb9-57b2-4161-a7ae-e864b9a9e35d</ProjectId>
      <CorrelationId>Intent.ModuleBuilder.Templates.Api.ApiElementModel#cac14331-198a-4f9a-bbb9-171eb0bd4efe</CorrelationId>
      <OverwriteBehaviour>always</OverwriteBehaviour>
      <ApplicationRelativeFilePath>Api/ModuleModel.cs</ApplicationRelativeFilePath>
      <ProjectRelativeFilePath>ModuleModel.cs</ProjectRelativeFilePath>
      <IsIgnored>false</IsIgnored>
    </FileLog>
    <FileLog>
      <ProjectId>cd404cb9-57b2-4161-a7ae-e864b9a9e35d</ProjectId>
      <CorrelationId>Intent.ModuleBuilder.Templates.Api.ApiAssociationModel#6d2b2070-c1cb-4cd2-88b4-4e5f8414bd9e</CorrelationId>
      <OverwriteBehaviour>always</OverwriteBehaviour>
      <ApplicationRelativeFilePath>Api/NavigationModel.cs</ApplicationRelativeFilePath>
      <ProjectRelativeFilePath>NavigationModel.cs</ProjectRelativeFilePath>
      <IsIgnored>false</IsIgnored>
    </FileLog>
    <FileLog>
      <ProjectId>cd404cb9-57b2-4161-a7ae-e864b9a9e35d</ProjectId>
      <CorrelationId>Intent.ModuleBuilder.Templates.Api.ApiElementModel#6434986f-d5ce-4f51-9ebd-4780a0e30d07</CorrelationId>
      <OverwriteBehaviour>always</OverwriteBehaviour>
      <ApplicationRelativeFilePath>Api/RedirectModel.cs</ApplicationRelativeFilePath>
      <ProjectRelativeFilePath>RedirectModel.cs</ProjectRelativeFilePath>
      <IsIgnored>false</IsIgnored>
    </FileLog>
    <FileLog>
      <ProjectId>cd404cb9-57b2-4161-a7ae-e864b9a9e35d</ProjectId>
      <CorrelationId>Intent.ModuleBuilder.Templates.Api.ApiElementModel#8112a50c-9394-4e05-996b-0e57b40b3f46</CorrelationId>
      <OverwriteBehaviour>always</OverwriteBehaviour>
      <ApplicationRelativeFilePath>Api/ResolverModel.cs</ApplicationRelativeFilePath>
      <ProjectRelativeFilePath>ResolverModel.cs</ProjectRelativeFilePath>
      <IsIgnored>false</IsIgnored>
    </FileLog>
    <FileLog>
      <ProjectId>cd404cb9-57b2-4161-a7ae-e864b9a9e35d</ProjectId>
      <CorrelationId>Intent.ModuleBuilder.Templates.Api.ApiElementModel#9094f807-b330-4af8-be8d-bc7955035b94</CorrelationId>
      <OverwriteBehaviour>always</OverwriteBehaviour>
      <ApplicationRelativeFilePath>Api/RouteModel.cs</ApplicationRelativeFilePath>
      <ProjectRelativeFilePath>RouteModel.cs</ProjectRelativeFilePath>
      <IsIgnored>false</IsIgnored>
    </FileLog>
    <FileLog>
      <ProjectId>cd404cb9-57b2-4161-a7ae-e864b9a9e35d</ProjectId>
      <CorrelationId>Intent.ModuleBuilder.Templates.Api.ApiElementModel#2e770bf6-0f58-4806-8fdc-1477360b74e9</CorrelationId>
      <OverwriteBehaviour>always</OverwriteBehaviour>
      <ApplicationRelativeFilePath>Api/RouteParameterModel.cs</ApplicationRelativeFilePath>
      <ProjectRelativeFilePath>RouteParameterModel.cs</ProjectRelativeFilePath>
      <IsIgnored>false</IsIgnored>
    </FileLog>
    <FileLog>
      <ProjectId>cd404cb9-57b2-4161-a7ae-e864b9a9e35d</ProjectId>
      <CorrelationId>Intent.ModuleBuilder.Templates.Api.ApiElementModel#26d97593-7c29-402a-9191-d4e3e96217fa</CorrelationId>
      <OverwriteBehaviour>always</OverwriteBehaviour>
      <ApplicationRelativeFilePath>Api/RouterOutletModel.cs</ApplicationRelativeFilePath>
      <ProjectRelativeFilePath>RouterOutletModel.cs</ProjectRelativeFilePath>
      <IsIgnored>false</IsIgnored>
    </FileLog>
    <FileLog>
      <ProjectId>cd404cb9-57b2-4161-a7ae-e864b9a9e35d</ProjectId>
      <CorrelationId>Intent.ModuleBuilder.Templates.Api.ApiElementModel#b548c3c2-a27d-4290-8d23-99d158bb8987</CorrelationId>
      <OverwriteBehaviour>always</OverwriteBehaviour>
      <ApplicationRelativeFilePath>Api/RoutingModel.cs</ApplicationRelativeFilePath>
      <ProjectRelativeFilePath>RoutingModel.cs</ProjectRelativeFilePath>
      <IsIgnored>false</IsIgnored>
    </FileLog>
    <FileLog>
      <ProjectId>698215d3-bf76-4b81-b918-c0f9ad52f524</ProjectId>
      <CorrelationId>Intent.ModuleBuilder.IModSpecFile</CorrelationId>
      <OverwriteBehaviour>always</OverwriteBehaviour>
      <ApplicationRelativeFilePath>Intent.Modelers.WebClient.Angular.imodspec</ApplicationRelativeFilePath>
      <ProjectRelativeFilePath>Intent.Modelers.WebClient.Angular.imodspec</ProjectRelativeFilePath>
      <IsIgnored>true</IsIgnored>
    </FileLog>
    <FileLog>
      <ProjectId>698215d3-bf76-4b81-b918-c0f9ad52f524</ProjectId>
      <CorrelationId>Intent.VisualStudio.Projects.CoreLibrary.CSProject#698215d3-bf76-4b81-b918-c0f9ad52f524</CorrelationId>
      <OverwriteBehaviour>always</OverwriteBehaviour>
      <ApplicationRelativeFilePath>Intent.Modules.Modelers.WebClient.Angular.csproj</ApplicationRelativeFilePath>
      <ProjectRelativeFilePath>Intent.Modules.Modelers.WebClient.Angular.csproj</ProjectRelativeFilePath>
      <IsIgnored>false</IsIgnored>
    </FileLog>
    <FileLog>
      <ProjectId>f5fea61b-5d26-4bec-b95c-3e9e448aa167</ProjectId>
      <CorrelationId>Intent.ModuleBuilder.DesignerSettings#0a3786a7-f514-4ec3-88b9-7842744dbb3c</CorrelationId>
      <OverwriteBehaviour>always</OverwriteBehaviour>
      <ApplicationRelativeFilePath>modelers/Angular Core Types.designer.settings</ApplicationRelativeFilePath>
      <ProjectRelativeFilePath>Angular Core Types.designer.settings</ProjectRelativeFilePath>
      <IsIgnored>false</IsIgnored>
    </FileLog>
  </FileLogs>
</outputLog>