<?xml version="1.0" encoding="utf-8"?>
<outputLog>
  <ApplicationId>1cecc65d-e804-4de6-a27f-e8e4ad0190d7</ApplicationId>
  <FileLogs>
    <FileLog>
      <ProjectId>c9057d93-2617-44ca-9bd6-8ee166b881d1</ProjectId>
      <CorrelationId>Intent.ModuleBuilder.Templates.Api.ApiElementModelExtensions#d009e5af-adb7-45c5-921c-fe8e209b8aa2</CorrelationId>
      <ApplicationRelativeFilePath>Api/Extensions/AngularServiceModelStereotypeExtensions.cs</ApplicationRelativeFilePath>
      <ProjectRelativeFilePath>AngularServiceModelStereotypeExtensions.cs</ProjectRelativeFilePath>
      <IsIgnored>false</IsIgnored>
    </FileLog>
    <FileLog>
      <ProjectId>c9057d93-2617-44ca-9bd6-8ee166b881d1</ProjectId>
      <CorrelationId>Intent.ModuleBuilder.Templates.Api.ApiElementModelExtensions#b1c481e1-e91e-4c29-9817-00ab9cad4b6b</CorrelationId>
      <ApplicationRelativeFilePath>Api/Extensions/ComponentModelStereotypeExtensions.cs</ApplicationRelativeFilePath>
      <ProjectRelativeFilePath>ComponentModelStereotypeExtensions.cs</ProjectRelativeFilePath>
      <IsIgnored>false</IsIgnored>
    </FileLog>
    <FileLog>
      <ProjectId>b79f286d-1129-41f9-bb0f-d266b180d3c2</ProjectId>
      <CorrelationId>Intent.ModuleBuilder.IModeSpecFile</CorrelationId>
      <ApplicationRelativeFilePath>Intent.Angular.imodspec</ApplicationRelativeFilePath>
      <ProjectRelativeFilePath>Intent.Angular.imodspec</ProjectRelativeFilePath>
      <IsIgnored>false</IsIgnored>
    </FileLog>
    <FileLog>
      <ProjectId>b79f286d-1129-41f9-bb0f-d266b180d3c2</ProjectId>
      <CorrelationId>Intent.VisualStudio.Projects.CoreLibrary.CSProject#b79f286d-1129-41f9-bb0f-d266b180d3c2</CorrelationId>
      <ApplicationRelativeFilePath>Intent.Modules.Angular.csproj</ApplicationRelativeFilePath>
      <ProjectRelativeFilePath>Intent.Modules.Angular.csproj</ProjectRelativeFilePath>
      <IsIgnored>false</IsIgnored>
    </FileLog>
    <FileLog>
      <ProjectId>b79f286d-1129-41f9-bb0f-d266b180d3c2</ProjectId>
      <CorrelationId>Intent.ModuleBuilder.ReadMe</CorrelationId>
      <ApplicationRelativeFilePath>README.txt</ApplicationRelativeFilePath>
      <ProjectRelativeFilePath>README.txt</ProjectRelativeFilePath>
      <IsIgnored>false</IsIgnored>
    </FileLog>
    <FileLog>
      <ProjectId>abc98339-4259-4d28-82ae-502ba6cdc8b2</ProjectId>
      <CorrelationId>Intent.ModuleBuilder.ProjectItemTemplate.T4Template.PreProcessed#3d1fe1c1-b396-4c8b-bc0f-f7ab2537ae7e</CorrelationId>
      <ApplicationRelativeFilePath>Templates/Component/AngularComponentCssTemplate/AngularComponentCssTemplate.cs</ApplicationRelativeFilePath>
      <ProjectRelativeFilePath>Component/AngularComponentCssTemplate/AngularComponentCssTemplate.cs</ProjectRelativeFilePath>
      <IsIgnored>false</IsIgnored>
    </FileLog>
    <FileLog>
      <ProjectId>abc98339-4259-4d28-82ae-502ba6cdc8b2</ProjectId>
      <CorrelationId>Intent.ModuleBuilder.ProjectItemTemplate.T4Template#3d1fe1c1-b396-4c8b-bc0f-f7ab2537ae7e</CorrelationId>
      <ApplicationRelativeFilePath>Templates/Component/AngularComponentCssTemplate/AngularComponentCssTemplate.tt</ApplicationRelativeFilePath>
      <ProjectRelativeFilePath>Component/AngularComponentCssTemplate/AngularComponentCssTemplate.tt</ProjectRelativeFilePath>
      <IsIgnored>false</IsIgnored>
    </FileLog>
    <FileLog>
      <ProjectId>abc98339-4259-4d28-82ae-502ba6cdc8b2</ProjectId>
      <CorrelationId>Intent.ModuleBuilder.ProjectItemTemplate.Partial#3d1fe1c1-b396-4c8b-bc0f-f7ab2537ae7e</CorrelationId>
      <ApplicationRelativeFilePath>Templates/Component/AngularComponentCssTemplate/AngularComponentCssTemplatePartial.cs</ApplicationRelativeFilePath>
      <ProjectRelativeFilePath>Component/AngularComponentCssTemplate/AngularComponentCssTemplatePartial.cs</ProjectRelativeFilePath>
      <IsIgnored>false</IsIgnored>
    </FileLog>
    <FileLog>
      <ProjectId>abc98339-4259-4d28-82ae-502ba6cdc8b2</ProjectId>
      <CorrelationId>Intent.ModuleBuilder.TemplateRegistration.FilePerModel#3d1fe1c1-b396-4c8b-bc0f-f7ab2537ae7e</CorrelationId>
      <ApplicationRelativeFilePath>Templates/Component/AngularComponentCssTemplate/AngularComponentCssTemplateRegistration.cs</ApplicationRelativeFilePath>
      <ProjectRelativeFilePath>Component/AngularComponentCssTemplate/AngularComponentCssTemplateRegistration.cs</ProjectRelativeFilePath>
      <IsIgnored>false</IsIgnored>
    </FileLog>
    <FileLog>
      <ProjectId>abc98339-4259-4d28-82ae-502ba6cdc8b2</ProjectId>
      <CorrelationId>ModuleBuilder.Html.Templates.HtmlFileTemplate.T4Template.PreProcessed#25779bc1-5d6b-4fe5-89fb-97d75e8df259</CorrelationId>
      <ApplicationRelativeFilePath>Templates/Component/AngularComponentHtmlTemplate/AngularComponentHtmlTemplate.cs</ApplicationRelativeFilePath>
      <ProjectRelativeFilePath>Component/AngularComponentHtmlTemplate/AngularComponentHtmlTemplate.cs</ProjectRelativeFilePath>
      <IsIgnored>false</IsIgnored>
    </FileLog>
    <FileLog>
      <ProjectId>abc98339-4259-4d28-82ae-502ba6cdc8b2</ProjectId>
      <CorrelationId>Intent.ModuleBuilder.Html.Templates.HtmlFileTemplate#25779bc1-5d6b-4fe5-89fb-97d75e8df259</CorrelationId>
      <ApplicationRelativeFilePath>Templates/Component/AngularComponentHtmlTemplate/AngularComponentHtmlTemplate.tt</ApplicationRelativeFilePath>
      <ProjectRelativeFilePath>Component/AngularComponentHtmlTemplate/AngularComponentHtmlTemplate.tt</ProjectRelativeFilePath>
      <IsIgnored>false</IsIgnored>
    </FileLog>
    <FileLog>
      <ProjectId>abc98339-4259-4d28-82ae-502ba6cdc8b2</ProjectId>
      <CorrelationId>Intent.ModuleBuilder.Html.Templates.HtmlFileTemplatePartial#25779bc1-5d6b-4fe5-89fb-97d75e8df259</CorrelationId>
      <ApplicationRelativeFilePath>Templates/Component/AngularComponentHtmlTemplate/AngularComponentHtmlTemplatePartial.cs</ApplicationRelativeFilePath>
      <ProjectRelativeFilePath>Component/AngularComponentHtmlTemplate/AngularComponentHtmlTemplatePartial.cs</ProjectRelativeFilePath>
      <IsIgnored>false</IsIgnored>
    </FileLog>
    <FileLog>
      <ProjectId>abc98339-4259-4d28-82ae-502ba6cdc8b2</ProjectId>
      <CorrelationId>Intent.ModuleBuilder.TemplateRegistration.FilePerModel#25779bc1-5d6b-4fe5-89fb-97d75e8df259</CorrelationId>
      <ApplicationRelativeFilePath>Templates/Component/AngularComponentHtmlTemplate/AngularComponentHtmlTemplateRegistration.cs</ApplicationRelativeFilePath>
      <ProjectRelativeFilePath>Component/AngularComponentHtmlTemplate/AngularComponentHtmlTemplateRegistration.cs</ProjectRelativeFilePath>
      <IsIgnored>false</IsIgnored>
    </FileLog>
    <FileLog>
      <ProjectId>abc98339-4259-4d28-82ae-502ba6cdc8b2</ProjectId>
      <CorrelationId>Intent.ModuleBuilder.Templates.TemplateDecoratorContract#b1c75969-a89e-41c6-a4b1-3283dc6b84ff</CorrelationId>
      <ApplicationRelativeFilePath>Templates/Component/AngularComponentTsTemplate/AngularComponentTsDecorator.cs</ApplicationRelativeFilePath>
      <ProjectRelativeFilePath>Component/AngularComponentTsTemplate/AngularComponentTsDecorator.cs</ProjectRelativeFilePath>
      <IsIgnored>false</IsIgnored>
    </FileLog>
    <FileLog>
      <ProjectId>abc98339-4259-4d28-82ae-502ba6cdc8b2</ProjectId>
      <CorrelationId>ModuleBuilder.Typescript.Templates.TypescriptTemplate.PreProcessT4#aa06d3ae-2965-4101-8f8b-8db7da8a0146</CorrelationId>
      <ApplicationRelativeFilePath>Templates/Component/AngularComponentTsTemplate/AngularComponentTsTemplate.cs</ApplicationRelativeFilePath>
      <ProjectRelativeFilePath>Component/AngularComponentTsTemplate/AngularComponentTsTemplate.cs</ProjectRelativeFilePath>
      <IsIgnored>false</IsIgnored>
    </FileLog>
    <FileLog>
      <ProjectId>abc98339-4259-4d28-82ae-502ba6cdc8b2</ProjectId>
      <CorrelationId>Intent.ModuleBuilder.TypeScript.Templates.TypescriptTemplate#aa06d3ae-2965-4101-8f8b-8db7da8a0146</CorrelationId>
      <ApplicationRelativeFilePath>Templates/Component/AngularComponentTsTemplate/AngularComponentTsTemplate.tt</ApplicationRelativeFilePath>
      <ProjectRelativeFilePath>Component/AngularComponentTsTemplate/AngularComponentTsTemplate.tt</ProjectRelativeFilePath>
      <IsIgnored>false</IsIgnored>
    </FileLog>
    <FileLog>
      <ProjectId>abc98339-4259-4d28-82ae-502ba6cdc8b2</ProjectId>
      <CorrelationId>Intent.ModuleBuilder.TypeScript.Templates.TypescriptTemplatePartial#aa06d3ae-2965-4101-8f8b-8db7da8a0146</CorrelationId>
      <ApplicationRelativeFilePath>Templates/Component/AngularComponentTsTemplate/AngularComponentTsTemplatePartial.cs</ApplicationRelativeFilePath>
      <ProjectRelativeFilePath>Component/AngularComponentTsTemplate/AngularComponentTsTemplatePartial.cs</ProjectRelativeFilePath>
      <IsIgnored>false</IsIgnored>
    </FileLog>
    <FileLog>
      <ProjectId>abc98339-4259-4d28-82ae-502ba6cdc8b2</ProjectId>
      <CorrelationId>Intent.ModuleBuilder.TemplateRegistration.FilePerModel#aa06d3ae-2965-4101-8f8b-8db7da8a0146</CorrelationId>
      <ApplicationRelativeFilePath>Templates/Component/AngularComponentTsTemplate/AngularComponentTsTemplateRegistration.cs</ApplicationRelativeFilePath>
      <ProjectRelativeFilePath>Component/AngularComponentTsTemplate/AngularComponentTsTemplateRegistration.cs</ProjectRelativeFilePath>
      <IsIgnored>false</IsIgnored>
    </FileLog>
    <FileLog>
      <ProjectId>abc98339-4259-4d28-82ae-502ba6cdc8b2</ProjectId>
      <CorrelationId>ModuleBuilder.Typescript.Templates.TypescriptTemplate.PreProcessT4#ce096dec-3721-4a3d-9d36-038c7448e74c</CorrelationId>
      <ApplicationRelativeFilePath>Templates/Core/ApiServiceTemplate/ApiServiceTemplate.cs</ApplicationRelativeFilePath>
      <ProjectRelativeFilePath>Core/ApiServiceTemplate/ApiServiceTemplate.cs</ProjectRelativeFilePath>
      <IsIgnored>false</IsIgnored>
    </FileLog>
    <FileLog>
      <ProjectId>abc98339-4259-4d28-82ae-502ba6cdc8b2</ProjectId>
      <CorrelationId>Intent.ModuleBuilder.TypeScript.Templates.TypescriptTemplate#ce096dec-3721-4a3d-9d36-038c7448e74c</CorrelationId>
      <ApplicationRelativeFilePath>Templates/Core/ApiServiceTemplate/ApiServiceTemplate.tt</ApplicationRelativeFilePath>
      <ProjectRelativeFilePath>Core/ApiServiceTemplate/ApiServiceTemplate.tt</ProjectRelativeFilePath>
      <IsIgnored>false</IsIgnored>
    </FileLog>
    <FileLog>
      <ProjectId>abc98339-4259-4d28-82ae-502ba6cdc8b2</ProjectId>
      <CorrelationId>Intent.ModuleBuilder.TypeScript.Templates.TypescriptTemplatePartial#ce096dec-3721-4a3d-9d36-038c7448e74c</CorrelationId>
      <ApplicationRelativeFilePath>Templates/Core/ApiServiceTemplate/ApiServiceTemplatePartial.cs</ApplicationRelativeFilePath>
      <ProjectRelativeFilePath>Core/ApiServiceTemplate/ApiServiceTemplatePartial.cs</ProjectRelativeFilePath>
      <IsIgnored>false</IsIgnored>
    </FileLog>
    <FileLog>
      <ProjectId>abc98339-4259-4d28-82ae-502ba6cdc8b2</ProjectId>
      <CorrelationId>Intent.ModuleBuilder.TemplateRegistration.SingleFileNoModel#ce096dec-3721-4a3d-9d36-038c7448e74c</CorrelationId>
      <ApplicationRelativeFilePath>Templates/Core/ApiServiceTemplate/ApiServiceTemplateRegistration.cs</ApplicationRelativeFilePath>
      <ProjectRelativeFilePath>Core/ApiServiceTemplate/ApiServiceTemplateRegistration.cs</ProjectRelativeFilePath>
      <IsIgnored>false</IsIgnored>
    </FileLog>
    <FileLog>
      <ProjectId>abc98339-4259-4d28-82ae-502ba6cdc8b2</ProjectId>
      <CorrelationId>ModuleBuilder.Typescript.Templates.TypescriptTemplate.PreProcessT4#ba59d6a8-a629-4feb-9e5b-c3498b89e9ec</CorrelationId>
      <ApplicationRelativeFilePath>Templates/Core/CoreModuleTemplate/CoreModuleTemplate.cs</ApplicationRelativeFilePath>
      <ProjectRelativeFilePath>Core/CoreModuleTemplate/CoreModuleTemplate.cs</ProjectRelativeFilePath>
      <IsIgnored>false</IsIgnored>
    </FileLog>
    <FileLog>
      <ProjectId>abc98339-4259-4d28-82ae-502ba6cdc8b2</ProjectId>
      <CorrelationId>Intent.ModuleBuilder.TypeScript.Templates.TypescriptTemplate#ba59d6a8-a629-4feb-9e5b-c3498b89e9ec</CorrelationId>
      <ApplicationRelativeFilePath>Templates/Core/CoreModuleTemplate/CoreModuleTemplate.tt</ApplicationRelativeFilePath>
      <ProjectRelativeFilePath>Core/CoreModuleTemplate/CoreModuleTemplate.tt</ProjectRelativeFilePath>
      <IsIgnored>false</IsIgnored>
    </FileLog>
    <FileLog>
      <ProjectId>abc98339-4259-4d28-82ae-502ba6cdc8b2</ProjectId>
      <CorrelationId>Intent.ModuleBuilder.TypeScript.Templates.TypescriptTemplatePartial#ba59d6a8-a629-4feb-9e5b-c3498b89e9ec</CorrelationId>
      <ApplicationRelativeFilePath>Templates/Core/CoreModuleTemplate/CoreModuleTemplatePartial.cs</ApplicationRelativeFilePath>
      <ProjectRelativeFilePath>Core/CoreModuleTemplate/CoreModuleTemplatePartial.cs</ProjectRelativeFilePath>
      <IsIgnored>false</IsIgnored>
    </FileLog>
    <FileLog>
      <ProjectId>abc98339-4259-4d28-82ae-502ba6cdc8b2</ProjectId>
      <CorrelationId>Intent.ModuleBuilder.TemplateRegistration.SingleFileNoModel#ba59d6a8-a629-4feb-9e5b-c3498b89e9ec</CorrelationId>
      <ApplicationRelativeFilePath>Templates/Core/CoreModuleTemplate/CoreModuleTemplateRegistration.cs</ApplicationRelativeFilePath>
      <ProjectRelativeFilePath>Core/CoreModuleTemplate/CoreModuleTemplateRegistration.cs</ProjectRelativeFilePath>
      <IsIgnored>false</IsIgnored>
    </FileLog>
    <FileLog>
      <ProjectId>abc98339-4259-4d28-82ae-502ba6cdc8b2</ProjectId>
      <CorrelationId>ModuleBuilder.Typescript.Templates.TypescriptTemplate.PreProcessT4#e7ea472f-5ef5-453b-8df6-4fb3569b9e07</CorrelationId>
      <ApplicationRelativeFilePath>Templates/Environment/EnvironmentTemplate/EnvironmentTemplate.cs</ApplicationRelativeFilePath>
      <ProjectRelativeFilePath>Environment/EnvironmentTemplate/EnvironmentTemplate.cs</ProjectRelativeFilePath>
      <IsIgnored>false</IsIgnored>
    </FileLog>
    <FileLog>
      <ProjectId>abc98339-4259-4d28-82ae-502ba6cdc8b2</ProjectId>
      <CorrelationId>Intent.ModuleBuilder.TypeScript.Templates.TypescriptTemplate#e7ea472f-5ef5-453b-8df6-4fb3569b9e07</CorrelationId>
      <ApplicationRelativeFilePath>Templates/Environment/EnvironmentTemplate/EnvironmentTemplate.tt</ApplicationRelativeFilePath>
      <ProjectRelativeFilePath>Environment/EnvironmentTemplate/EnvironmentTemplate.tt</ProjectRelativeFilePath>
      <IsIgnored>false</IsIgnored>
    </FileLog>
    <FileLog>
      <ProjectId>abc98339-4259-4d28-82ae-502ba6cdc8b2</ProjectId>
      <CorrelationId>Intent.ModuleBuilder.TypeScript.Templates.TypescriptTemplatePartial#e7ea472f-5ef5-453b-8df6-4fb3569b9e07</CorrelationId>
      <ApplicationRelativeFilePath>Templates/Environment/EnvironmentTemplate/EnvironmentTemplatePartial.cs</ApplicationRelativeFilePath>
      <ProjectRelativeFilePath>Environment/EnvironmentTemplate/EnvironmentTemplatePartial.cs</ProjectRelativeFilePath>
      <IsIgnored>false</IsIgnored>
    </FileLog>
    <FileLog>
      <ProjectId>abc98339-4259-4d28-82ae-502ba6cdc8b2</ProjectId>
      <CorrelationId>Intent.ModuleBuilder.TemplateRegistration.SingleFileNoModel#e7ea472f-5ef5-453b-8df6-4fb3569b9e07</CorrelationId>
      <ApplicationRelativeFilePath>Templates/Environment/EnvironmentTemplate/EnvironmentTemplateRegistration.cs</ApplicationRelativeFilePath>
      <ProjectRelativeFilePath>Environment/EnvironmentTemplate/EnvironmentTemplateRegistration.cs</ProjectRelativeFilePath>
      <IsIgnored>false</IsIgnored>
    </FileLog>
    <FileLog>
      <ProjectId>abc98339-4259-4d28-82ae-502ba6cdc8b2</ProjectId>
      <CorrelationId>ModuleBuilder.Typescript.Templates.TypescriptTemplate.PreProcessT4#fc84fb37-d9ec-4459-a3e1-e165eec1ca0e</CorrelationId>
      <ApplicationRelativeFilePath>Templates/Model/FormGroupTemplate/FormGroupTemplate.cs</ApplicationRelativeFilePath>
      <ProjectRelativeFilePath>Model/FormGroupTemplate/FormGroupTemplate.cs</ProjectRelativeFilePath>
      <IsIgnored>false</IsIgnored>
    </FileLog>
    <FileLog>
      <ProjectId>abc98339-4259-4d28-82ae-502ba6cdc8b2</ProjectId>
      <CorrelationId>Intent.ModuleBuilder.TypeScript.Templates.TypescriptTemplate#fc84fb37-d9ec-4459-a3e1-e165eec1ca0e</CorrelationId>
      <ApplicationRelativeFilePath>Templates/Model/FormGroupTemplate/FormGroupTemplate.tt</ApplicationRelativeFilePath>
      <ProjectRelativeFilePath>Model/FormGroupTemplate/FormGroupTemplate.tt</ProjectRelativeFilePath>
      <IsIgnored>false</IsIgnored>
    </FileLog>
    <FileLog>
      <ProjectId>abc98339-4259-4d28-82ae-502ba6cdc8b2</ProjectId>
      <CorrelationId>Intent.ModuleBuilder.TypeScript.Templates.TypescriptTemplatePartial#fc84fb37-d9ec-4459-a3e1-e165eec1ca0e</CorrelationId>
      <ApplicationRelativeFilePath>Templates/Model/FormGroupTemplate/FormGroupTemplatePartial.cs</ApplicationRelativeFilePath>
      <ProjectRelativeFilePath>Model/FormGroupTemplate/FormGroupTemplatePartial.cs</ProjectRelativeFilePath>
      <IsIgnored>false</IsIgnored>
    </FileLog>
    <FileLog>
      <ProjectId>abc98339-4259-4d28-82ae-502ba6cdc8b2</ProjectId>
      <CorrelationId>Intent.ModuleBuilder.TemplateRegistration.FilePerModel#fc84fb37-d9ec-4459-a3e1-e165eec1ca0e</CorrelationId>
      <ApplicationRelativeFilePath>Templates/Model/FormGroupTemplate/FormGroupTemplateRegistration.cs</ApplicationRelativeFilePath>
      <ProjectRelativeFilePath>Model/FormGroupTemplate/FormGroupTemplateRegistration.cs</ProjectRelativeFilePath>
      <IsIgnored>false</IsIgnored>
    </FileLog>
    <FileLog>
      <ProjectId>abc98339-4259-4d28-82ae-502ba6cdc8b2</ProjectId>
      <CorrelationId>ModuleBuilder.Typescript.Templates.TypescriptTemplate.PreProcessT4#9273966e-d177-45c3-8807-1e3bcbbf2cd8</CorrelationId>
      <ApplicationRelativeFilePath>Templates/Model/ModelTemplate/ModelTemplate.cs</ApplicationRelativeFilePath>
      <ProjectRelativeFilePath>Model/ModelTemplate/ModelTemplate.cs</ProjectRelativeFilePath>
      <IsIgnored>false</IsIgnored>
    </FileLog>
    <FileLog>
      <ProjectId>abc98339-4259-4d28-82ae-502ba6cdc8b2</ProjectId>
      <CorrelationId>Intent.ModuleBuilder.TypeScript.Templates.TypescriptTemplate#9273966e-d177-45c3-8807-1e3bcbbf2cd8</CorrelationId>
      <ApplicationRelativeFilePath>Templates/Model/ModelTemplate/ModelTemplate.tt</ApplicationRelativeFilePath>
      <ProjectRelativeFilePath>Model/ModelTemplate/ModelTemplate.tt</ProjectRelativeFilePath>
      <IsIgnored>false</IsIgnored>
    </FileLog>
    <FileLog>
      <ProjectId>abc98339-4259-4d28-82ae-502ba6cdc8b2</ProjectId>
      <CorrelationId>Intent.ModuleBuilder.TypeScript.Templates.TypescriptTemplatePartial#9273966e-d177-45c3-8807-1e3bcbbf2cd8</CorrelationId>
      <ApplicationRelativeFilePath>Templates/Model/ModelTemplate/ModelTemplatePartial.cs</ApplicationRelativeFilePath>
      <ProjectRelativeFilePath>Model/ModelTemplate/ModelTemplatePartial.cs</ProjectRelativeFilePath>
      <IsIgnored>false</IsIgnored>
    </FileLog>
    <FileLog>
      <ProjectId>abc98339-4259-4d28-82ae-502ba6cdc8b2</ProjectId>
      <CorrelationId>Intent.ModuleBuilder.TemplateRegistration.FilePerModel#9273966e-d177-45c3-8807-1e3bcbbf2cd8</CorrelationId>
      <ApplicationRelativeFilePath>Templates/Model/ModelTemplate/ModelTemplateRegistration.cs</ApplicationRelativeFilePath>
      <ProjectRelativeFilePath>Model/ModelTemplate/ModelTemplateRegistration.cs</ProjectRelativeFilePath>
      <IsIgnored>false</IsIgnored>
    </FileLog>
    <FileLog>
      <ProjectId>abc98339-4259-4d28-82ae-502ba6cdc8b2</ProjectId>
      <CorrelationId>ModuleBuilder.Typescript.Templates.TypescriptTemplate.PreProcessT4#84287d05-962d-4c48-a274-5057407cd4aa</CorrelationId>
      <ApplicationRelativeFilePath>Templates/Module/AngularModuleTemplate/AngularModuleTemplate.cs</ApplicationRelativeFilePath>
      <ProjectRelativeFilePath>Module/AngularModuleTemplate/AngularModuleTemplate.cs</ProjectRelativeFilePath>
      <IsIgnored>false</IsIgnored>
    </FileLog>
    <FileLog>
      <ProjectId>abc98339-4259-4d28-82ae-502ba6cdc8b2</ProjectId>
      <CorrelationId>Intent.ModuleBuilder.TypeScript.Templates.TypescriptTemplate#84287d05-962d-4c48-a274-5057407cd4aa</CorrelationId>
      <ApplicationRelativeFilePath>Templates/Module/AngularModuleTemplate/AngularModuleTemplate.tt</ApplicationRelativeFilePath>
      <ProjectRelativeFilePath>Module/AngularModuleTemplate/AngularModuleTemplate.tt</ProjectRelativeFilePath>
      <IsIgnored>false</IsIgnored>
    </FileLog>
    <FileLog>
      <ProjectId>abc98339-4259-4d28-82ae-502ba6cdc8b2</ProjectId>
      <CorrelationId>Intent.ModuleBuilder.TypeScript.Templates.TypescriptTemplatePartial#84287d05-962d-4c48-a274-5057407cd4aa</CorrelationId>
      <ApplicationRelativeFilePath>Templates/Module/AngularModuleTemplate/AngularModuleTemplatePartial.cs</ApplicationRelativeFilePath>
      <ProjectRelativeFilePath>Module/AngularModuleTemplate/AngularModuleTemplatePartial.cs</ProjectRelativeFilePath>
      <IsIgnored>false</IsIgnored>
    </FileLog>
    <FileLog>
      <ProjectId>abc98339-4259-4d28-82ae-502ba6cdc8b2</ProjectId>
      <CorrelationId>Intent.ModuleBuilder.TemplateRegistration.FilePerModel#84287d05-962d-4c48-a274-5057407cd4aa</CorrelationId>
      <ApplicationRelativeFilePath>Templates/Module/AngularModuleTemplate/AngularModuleTemplateRegistration.cs</ApplicationRelativeFilePath>
      <ProjectRelativeFilePath>Module/AngularModuleTemplate/AngularModuleTemplateRegistration.cs</ProjectRelativeFilePath>
      <IsIgnored>false</IsIgnored>
    </FileLog>
    <FileLog>
      <ProjectId>abc98339-4259-4d28-82ae-502ba6cdc8b2</ProjectId>
      <CorrelationId>ModuleBuilder.Typescript.Templates.TypescriptTemplate.PreProcessT4#46c14796-f106-463c-93de-d60d31354fac</CorrelationId>
      <ApplicationRelativeFilePath>Templates/Module/AngularResolver/AngularResolverTemplate.cs</ApplicationRelativeFilePath>
      <ProjectRelativeFilePath>Module/AngularResolver/AngularResolverTemplate.cs</ProjectRelativeFilePath>
      <IsIgnored>false</IsIgnored>
    </FileLog>
    <FileLog>
      <ProjectId>abc98339-4259-4d28-82ae-502ba6cdc8b2</ProjectId>
      <CorrelationId>Intent.ModuleBuilder.TypeScript.Templates.TypescriptTemplate#46c14796-f106-463c-93de-d60d31354fac</CorrelationId>
      <ApplicationRelativeFilePath>Templates/Module/AngularResolver/AngularResolverTemplate.tt</ApplicationRelativeFilePath>
      <ProjectRelativeFilePath>Module/AngularResolver/AngularResolverTemplate.tt</ProjectRelativeFilePath>
      <IsIgnored>false</IsIgnored>
    </FileLog>
    <FileLog>
      <ProjectId>abc98339-4259-4d28-82ae-502ba6cdc8b2</ProjectId>
      <CorrelationId>Intent.ModuleBuilder.TypeScript.Templates.TypescriptTemplatePartial#46c14796-f106-463c-93de-d60d31354fac</CorrelationId>
      <ApplicationRelativeFilePath>Templates/Module/AngularResolver/AngularResolverTemplatePartial.cs</ApplicationRelativeFilePath>
      <ProjectRelativeFilePath>Module/AngularResolver/AngularResolverTemplatePartial.cs</ProjectRelativeFilePath>
      <IsIgnored>false</IsIgnored>
    </FileLog>
    <FileLog>
      <ProjectId>abc98339-4259-4d28-82ae-502ba6cdc8b2</ProjectId>
      <CorrelationId>Intent.ModuleBuilder.TemplateRegistration.FilePerModel#46c14796-f106-463c-93de-d60d31354fac</CorrelationId>
      <ApplicationRelativeFilePath>Templates/Module/AngularResolver/AngularResolverTemplateRegistration.cs</ApplicationRelativeFilePath>
      <ProjectRelativeFilePath>Module/AngularResolver/AngularResolverTemplateRegistration.cs</ProjectRelativeFilePath>
      <IsIgnored>false</IsIgnored>
    </FileLog>
    <FileLog>
      <ProjectId>abc98339-4259-4d28-82ae-502ba6cdc8b2</ProjectId>
      <CorrelationId>ModuleBuilder.Typescript.Templates.TypescriptTemplate.PreProcessT4#1a817c51-35c5-4e17-8c69-f6a193f338a7</CorrelationId>
      <ApplicationRelativeFilePath>Templates/Module/AngularRoutingModuleTemplate/AngularRoutingModuleTemplate.cs</ApplicationRelativeFilePath>
      <ProjectRelativeFilePath>Module/AngularRoutingModuleTemplate/AngularRoutingModuleTemplate.cs</ProjectRelativeFilePath>
      <IsIgnored>false</IsIgnored>
    </FileLog>
    <FileLog>
      <ProjectId>abc98339-4259-4d28-82ae-502ba6cdc8b2</ProjectId>
      <CorrelationId>Intent.ModuleBuilder.TypeScript.Templates.TypescriptTemplate#1a817c51-35c5-4e17-8c69-f6a193f338a7</CorrelationId>
      <ApplicationRelativeFilePath>Templates/Module/AngularRoutingModuleTemplate/AngularRoutingModuleTemplate.tt</ApplicationRelativeFilePath>
      <ProjectRelativeFilePath>Module/AngularRoutingModuleTemplate/AngularRoutingModuleTemplate.tt</ProjectRelativeFilePath>
      <IsIgnored>false</IsIgnored>
    </FileLog>
    <FileLog>
      <ProjectId>abc98339-4259-4d28-82ae-502ba6cdc8b2</ProjectId>
      <CorrelationId>Intent.ModuleBuilder.TypeScript.Templates.TypescriptTemplatePartial#1a817c51-35c5-4e17-8c69-f6a193f338a7</CorrelationId>
      <ApplicationRelativeFilePath>Templates/Module/AngularRoutingModuleTemplate/AngularRoutingModuleTemplatePartial.cs</ApplicationRelativeFilePath>
      <ProjectRelativeFilePath>Module/AngularRoutingModuleTemplate/AngularRoutingModuleTemplatePartial.cs</ProjectRelativeFilePath>
      <IsIgnored>false</IsIgnored>
    </FileLog>
    <FileLog>
      <ProjectId>abc98339-4259-4d28-82ae-502ba6cdc8b2</ProjectId>
      <CorrelationId>Intent.ModuleBuilder.TemplateRegistration.FilePerModel#1a817c51-35c5-4e17-8c69-f6a193f338a7</CorrelationId>
      <ApplicationRelativeFilePath>Templates/Module/AngularRoutingModuleTemplate/AngularRoutingModuleTemplateRegistration.cs</ApplicationRelativeFilePath>
      <ProjectRelativeFilePath>Module/AngularRoutingModuleTemplate/AngularRoutingModuleTemplateRegistration.cs</ProjectRelativeFilePath>
      <IsIgnored>false</IsIgnored>
    </FileLog>
    <FileLog>
      <ProjectId>abc98339-4259-4d28-82ae-502ba6cdc8b2</ProjectId>
      <CorrelationId>ModuleBuilder.Typescript.Templates.TypescriptTemplate.PreProcessT4#24192b12-bce1-4ac8-8edd-3f68a2eb3b7c</CorrelationId>
      <ApplicationRelativeFilePath>Templates/Shared/IntentDecoratorsTemplate/IntentDecoratorsTemplate.cs</ApplicationRelativeFilePath>
      <ProjectRelativeFilePath>Shared/IntentDecoratorsTemplate/IntentDecoratorsTemplate.cs</ProjectRelativeFilePath>
      <IsIgnored>false</IsIgnored>
    </FileLog>
    <FileLog>
      <ProjectId>abc98339-4259-4d28-82ae-502ba6cdc8b2</ProjectId>
      <CorrelationId>Intent.ModuleBuilder.TypeScript.Templates.TypescriptTemplate#24192b12-bce1-4ac8-8edd-3f68a2eb3b7c</CorrelationId>
      <ApplicationRelativeFilePath>Templates/Shared/IntentDecoratorsTemplate/IntentDecoratorsTemplate.tt</ApplicationRelativeFilePath>
      <ProjectRelativeFilePath>Shared/IntentDecoratorsTemplate/IntentDecoratorsTemplate.tt</ProjectRelativeFilePath>
      <IsIgnored>false</IsIgnored>
    </FileLog>
    <FileLog>
      <ProjectId>abc98339-4259-4d28-82ae-502ba6cdc8b2</ProjectId>
      <CorrelationId>Intent.ModuleBuilder.TypeScript.Templates.TypescriptTemplatePartial#24192b12-bce1-4ac8-8edd-3f68a2eb3b7c</CorrelationId>
      <ApplicationRelativeFilePath>Templates/Shared/IntentDecoratorsTemplate/IntentDecoratorsTemplatePartial.cs</ApplicationRelativeFilePath>
      <ProjectRelativeFilePath>Shared/IntentDecoratorsTemplate/IntentDecoratorsTemplatePartial.cs</ProjectRelativeFilePath>
      <IsIgnored>false</IsIgnored>
    </FileLog>
    <FileLog>
      <ProjectId>abc98339-4259-4d28-82ae-502ba6cdc8b2</ProjectId>
      <CorrelationId>Intent.ModuleBuilder.TemplateRegistration.SingleFileNoModel#24192b12-bce1-4ac8-8edd-3f68a2eb3b7c</CorrelationId>
      <ApplicationRelativeFilePath>Templates/Shared/IntentDecoratorsTemplate/IntentDecoratorsTemplateRegistration.cs</ApplicationRelativeFilePath>
      <ProjectRelativeFilePath>Shared/IntentDecoratorsTemplate/IntentDecoratorsTemplateRegistration.cs</ProjectRelativeFilePath>
      <IsIgnored>false</IsIgnored>
    </FileLog>
  </FileLogs>
</outputLog>